<?xml version="1.0" encoding="UTF-8"?>
<coverage generated="1746806269757" clover="3.2.0">
  <project timestamp="1746806269757" name="All files">
    <metrics statements="327" coveredstatements="301" conditionals="118" coveredconditionals="91" methods="83" coveredmethods="70" elements="528" coveredelements="462" complexity="0" loc="327" ncloc="327" packages="5" files="6" classes="6"/>
    <package name="app.browse">
      <metrics statements="107" coveredstatements="92" conditionals="35" coveredconditionals="27" methods="34" coveredmethods="25"/>
      <file name="loading.tsx" path="/Users/dilshadkhan/Desktop/NYUAD/software engineering/SaveN-Savor/save-n-savor-user-side/app/browse/loading.tsx">
        <metrics statements="2" coveredstatements="2" conditionals="0" coveredconditionals="0" methods="1" coveredmethods="1"/>
        <line num="1" count="1" type="stmt"/>
        <line num="2" count="1" type="stmt"/>
      </file>
      <file name="page.tsx" path="/Users/dilshadkhan/Desktop/NYUAD/software engineering/SaveN-Savor/save-n-savor-user-side/app/browse/page.tsx">
        <metrics statements="105" coveredstatements="90" conditionals="35" coveredconditionals="27" methods="33" coveredmethods="24"/>
        <line num="3" count="2" type="stmt"/>
        <line num="4" count="2" type="stmt"/>
        <line num="5" count="2" type="stmt"/>
        <line num="6" count="2" type="stmt"/>
        <line num="7" count="2" type="stmt"/>
        <line num="8" count="2" type="stmt"/>
        <line num="9" count="2" type="stmt"/>
        <line num="10" count="2" type="stmt"/>
        <line num="20" count="2" type="stmt"/>
        <line num="21" count="2" type="stmt"/>
        <line num="22" count="2" type="stmt"/>
        <line num="23" count="2" type="stmt"/>
        <line num="24" count="2" type="stmt"/>
        <line num="26" count="2" type="stmt"/>
        <line num="53" count="37" type="stmt"/>
        <line num="54" count="172" type="stmt"/>
        <line num="55" count="171" type="stmt"/>
        <line num="56" count="171" type="stmt"/>
        <line num="57" count="171" type="stmt"/>
        <line num="58" count="171" type="stmt"/>
        <line num="59" count="171" type="stmt"/>
        <line num="60" count="171" type="stmt"/>
        <line num="61" count="171" type="stmt"/>
        <line num="62" count="171" type="stmt"/>
        <line num="63" count="171" type="stmt"/>
        <line num="64" count="171" type="stmt"/>
        <line num="65" count="171" type="stmt"/>
        <line num="68" count="171" type="stmt"/>
        <line num="69" count="37" type="stmt"/>
        <line num="70" count="37" type="stmt"/>
        <line num="71" count="37" type="stmt"/>
        <line num="72" count="37" type="stmt"/>
        <line num="74" count="33" type="cond" truecount="1" falsecount="0"/>
        <line num="75" count="1" type="stmt"/>
        <line num="78" count="32" type="stmt"/>
        <line num="80" count="32" type="stmt"/>
        <line num="83" count="32" type="stmt"/>
        <line num="84" count="32" type="stmt"/>
        <line num="86" count="32" type="stmt"/>
        <line num="87" count="79" type="cond" truecount="1" falsecount="0"/>
        <line num="88" count="79" type="cond" truecount="1" falsecount="0"/>
        <line num="89" count="123" type="stmt"/>
        <line num="93" count="32" type="stmt"/>
        <line num="94" count="32" type="stmt"/>
        <line num="96" count="4" type="stmt"/>
        <line num="97" count="4" type="stmt"/>
        <line num="98" count="4" type="stmt"/>
        <line num="99" count="4" type="stmt"/>
        <line num="100" count="4" type="stmt"/>
        <line num="102" count="36" type="stmt"/>
        <line num="106" count="37" type="stmt"/>
        <line num="110" count="171" type="stmt"/>
        <line num="111" count="37" type="cond" truecount="1" falsecount="0"/>
        <line num="112" count="37" type="stmt"/>
        <line num="114" count="35" type="stmt"/>
        <line num="120" count="2" type="stmt"/>
        <line num="122" count="2" type="stmt"/>
        <line num="129" count="171" type="stmt"/>
        <line num="130" count="87" type="cond" truecount="1" falsecount="0"/>
        <line num="132" count="44" type="stmt"/>
        <line num="135" count="44" type="cond" truecount="1" falsecount="0"/>
        <line num="136" count="8" type="stmt"/>
        <line num="138" count="23" type="cond" truecount="3" falsecount="0"/>
        <line num="145" count="44" type="cond" truecount="0" falsecount="1"/>
        <line num="146" count="0" type="stmt"/>
        <line num="150" count="44" type="cond" truecount="1" falsecount="0"/>
        <line num="151" count="14" type="stmt"/>
        <line num="155" count="44" type="stmt"/>
        <line num="156" count="98" type="stmt"/>
        <line num="157" count="98" type="stmt"/>
        <line num="161" count="44" type="cond" truecount="1" falsecount="1"/>
        <line num="162" count="44" type="stmt"/>
        <line num="163" count="102" type="stmt"/>
        <line num="165" count="0" type="cond" truecount="0" falsecount="2"/>
        <line num="166" count="0" type="stmt"/>
        <line num="167" count="0" type="cond" truecount="0" falsecount="2"/>
        <line num="168" count="0" type="stmt"/>
        <line num="169" count="0" type="stmt"/>
        <line num="170" count="0" type="stmt"/>
        <line num="171" count="0" type="stmt"/>
        <line num="173" count="0" type="cond" truecount="0" falsecount="1"/>
        <line num="174" count="0" type="stmt"/>
        <line num="177" count="44" type="stmt"/>
        <line num="180" count="171" type="stmt"/>
        <line num="181" count="5" type="cond" truecount="1" falsecount="1"/>
        <line num="182" count="0" type="stmt"/>
        <line num="184" count="5" type="stmt"/>
        <line num="188" count="171" type="stmt"/>
        <line num="189" count="2" type="stmt"/>
        <line num="190" count="2" type="stmt"/>
        <line num="191" count="2" type="stmt"/>
        <line num="192" count="2" type="stmt"/>
        <line num="193" count="2" type="stmt"/>
        <line num="231" count="7" type="stmt"/>
        <line num="268" count="405" type="stmt"/>
        <line num="280" count="240" type="stmt"/>
        <line num="284" count="5" type="stmt"/>
        <line num="302" count="0" type="stmt"/>
        <line num="339" count="0" type="stmt"/>
        <line num="345" count="12" type="stmt"/>
        <line num="348" count="0" type="stmt"/>
        <line num="358" count="0" type="stmt"/>
        <line num="380" count="444" type="stmt"/>
        <line num="388" count="133" type="stmt"/>
        <line num="425" count="212" type="stmt"/>
      </file>
    </package>
    <package name="app.cart">
      <metrics statements="94" coveredstatements="91" conditionals="34" coveredconditionals="29" methods="16" coveredmethods="15"/>
      <file name="page.tsx" path="/Users/dilshadkhan/Desktop/NYUAD/software engineering/SaveN-Savor/save-n-savor-user-side/app/cart/page.tsx">
        <metrics statements="94" coveredstatements="91" conditionals="34" coveredconditionals="29" methods="16" coveredmethods="15"/>
        <line num="3" count="2" type="stmt"/>
        <line num="4" count="2" type="stmt"/>
        <line num="5" count="2" type="stmt"/>
        <line num="6" count="2" type="stmt"/>
        <line num="7" count="2" type="stmt"/>
        <line num="8" count="2" type="stmt"/>
        <line num="9" count="2" type="stmt"/>
        <line num="10" count="2" type="stmt"/>
        <line num="11" count="2" type="stmt"/>
        <line num="12" count="2" type="stmt"/>
        <line num="13" count="2" type="stmt"/>
        <line num="14" count="2" type="stmt"/>
        <line num="16" count="24" type="stmt"/>
        <line num="17" count="74" type="stmt"/>
        <line num="18" count="74" type="stmt"/>
        <line num="19" count="74" type="stmt"/>
        <line num="20" count="74" type="stmt"/>
        <line num="21" count="74" type="stmt"/>
        <line num="24" count="74" type="stmt"/>
        <line num="26" count="74" type="stmt"/>
        <line num="28" count="24" type="stmt"/>
        <line num="29" count="24" type="cond" truecount="1" falsecount="0"/>
        <line num="30" count="21" type="stmt"/>
        <line num="31" count="21" type="stmt"/>
        <line num="32" count="20" type="stmt"/>
        <line num="33" count="20" type="stmt"/>
        <line num="35" count="1" type="stmt"/>
        <line num="36" count="1" type="stmt"/>
        <line num="41" count="74" type="stmt"/>
        <line num="42" count="2" type="stmt"/>
        <line num="43" count="2" type="stmt"/>
        <line num="49" count="74" type="stmt"/>
        <line num="50" count="4" type="stmt"/>
        <line num="51" count="4" type="stmt"/>
        <line num="52" count="3" type="stmt"/>
        <line num="54" count="3" type="cond" truecount="1" falsecount="0"/>
        <line num="55" count="2" type="cond" truecount="3" falsecount="0"/>
        <line num="56" count="1" type="stmt"/>
        <line num="61" count="1" type="stmt"/>
        <line num="64" count="1" type="stmt"/>
        <line num="67" count="74" type="stmt"/>
        <line num="68" count="11" type="cond" truecount="1" falsecount="0"/>
        <line num="69" count="2" type="stmt"/>
        <line num="74" count="2" type="stmt"/>
        <line num="75" count="2" type="stmt"/>
        <line num="78" count="9" type="cond" truecount="0" falsecount="1"/>
        <line num="79" count="0" type="stmt"/>
        <line num="84" count="0" type="stmt"/>
        <line num="87" count="9" type="cond" truecount="1" falsecount="0"/>
        <line num="88" count="8" type="cond" truecount="1" falsecount="0"/>
        <line num="94" count="1" type="stmt"/>
        <line num="99" count="1" type="stmt"/>
        <line num="103" count="8" type="stmt"/>
        <line num="104" count="8" type="stmt"/>
        <line num="106" count="8" type="stmt"/>
        <line num="107" count="8" type="stmt"/>
        <line num="110" count="8" type="stmt"/>
        <line num="111" count="8" type="stmt"/>
        <line num="112" count="8" type="stmt"/>
        <line num="115" count="8" type="cond" truecount="1" falsecount="1"/>
        <line num="118" count="8" type="stmt"/>
        <line num="121" count="8" type="stmt"/>
        <line num="123" count="8" type="stmt"/>
        <line num="139" count="8" type="stmt"/>
        <line num="142" count="8" type="stmt"/>
        <line num="150" count="8" type="stmt"/>
        <line num="151" count="8" type="stmt"/>
        <line num="154" count="8" type="stmt"/>
        <line num="155" count="8" type="stmt"/>
        <line num="157" count="1" type="stmt"/>
        <line num="158" count="1" type="stmt"/>
        <line num="161" count="7" type="cond" truecount="1" falsecount="0"/>
        <line num="163" count="4" type="cond" truecount="3" falsecount="0"/>
        <line num="164" count="2" type="stmt"/>
        <line num="165" count="2" type="stmt"/>
        <line num="167" count="2" type="cond" truecount="1" falsecount="1"/>
        <line num="171" count="3" type="stmt"/>
        <line num="173" count="3" type="stmt"/>
        <line num="179" count="3" type="stmt"/>
        <line num="182" count="3" type="stmt"/>
        <line num="183" count="2" type="stmt"/>
        <line num="186" count="5" type="stmt"/>
        <line num="187" count="5" type="stmt"/>
        <line num="193" count="8" type="stmt"/>
        <line num="198" count="74" type="stmt"/>
        <line num="199" count="74" type="stmt"/>
        <line num="200" count="74" type="stmt"/>
        <line num="224" count="44" type="stmt"/>
        <line num="245" count="0" type="stmt"/>
        <line num="254" count="4" type="stmt"/>
        <line num="265" count="2" type="stmt"/>
        <line num="337" count="7" type="stmt"/>
        <line num="342" count="38" type="stmt"/>
        <line num="360" count="1" type="stmt"/>
      </file>
    </package>
    <package name="app.food.[id]">
      <metrics statements="68" coveredstatements="62" conditionals="34" coveredconditionals="23" methods="11" coveredmethods="8"/>
      <file name="page.tsx" path="/Users/dilshadkhan/Desktop/NYUAD/software engineering/SaveN-Savor/save-n-savor-user-side/app/food/[id]/page.tsx">
        <metrics statements="68" coveredstatements="62" conditionals="34" coveredconditionals="23" methods="11" coveredmethods="8"/>
        <line num="3" count="2" type="stmt"/>
        <line num="4" count="2" type="stmt"/>
        <line num="5" count="2" type="stmt"/>
        <line num="6" count="2" type="stmt"/>
        <line num="7" count="2" type="stmt"/>
        <line num="8" count="2" type="stmt"/>
        <line num="9" count="2" type="stmt"/>
        <line num="10" count="2" type="stmt"/>
        <line num="11" count="2" type="stmt"/>
        <line num="12" count="2" type="stmt"/>
        <line num="13" count="2" type="stmt"/>
        <line num="14" count="2" type="stmt"/>
        <line num="15" count="2" type="stmt"/>
        <line num="16" count="2" type="stmt"/>
        <line num="17" count="2" type="stmt"/>
        <line num="18" count="2" type="stmt"/>
        <line num="21" count="2" type="stmt"/>
        <line num="128" count="16" type="stmt"/>
        <line num="129" count="51" type="stmt"/>
        <line num="130" count="51" type="stmt"/>
        <line num="131" count="51" type="stmt"/>
        <line num="133" count="51" type="stmt"/>
        <line num="134" count="50" type="stmt"/>
        <line num="135" count="50" type="stmt"/>
        <line num="136" count="50" type="stmt"/>
        <line num="137" count="50" type="stmt"/>
        <line num="138" count="50" type="stmt"/>
        <line num="140" count="50" type="stmt"/>
        <line num="143" count="50" type="stmt"/>
        <line num="144" count="16" type="stmt"/>
        <line num="145" count="16" type="stmt"/>
        <line num="146" count="16" type="stmt"/>
        <line num="149" count="16" type="stmt"/>
        <line num="151" count="14" type="cond" truecount="1" falsecount="0"/>
        <line num="152" count="1" type="cond" truecount="0" falsecount="1"/>
        <line num="153" count="0" type="stmt"/>
        <line num="155" count="1" type="stmt"/>
        <line num="158" count="13" type="stmt"/>
        <line num="159" count="13" type="stmt"/>
        <line num="161" count="3" type="stmt"/>
        <line num="162" count="3" type="cond" truecount="1" falsecount="1"/>
        <line num="164" count="16" type="stmt"/>
        <line num="168" count="16" type="stmt"/>
        <line num="171" count="50" type="stmt"/>
        <line num="172" count="0" type="cond" truecount="0" falsecount="4"/>
        <line num="173" count="0" type="stmt"/>
        <line num="177" count="50" type="stmt"/>
        <line num="178" count="4" type="cond" truecount="0" falsecount="1"/>
        <line num="180" count="4" type="cond" truecount="1" falsecount="0"/>
        <line num="181" count="2" type="stmt"/>
        <line num="186" count="2" type="stmt"/>
        <line num="190" count="2" type="stmt"/>
        <line num="191" count="2" type="cond" truecount="3" falsecount="1"/>
        <line num="192" count="2" type="stmt"/>
        <line num="193" count="2" type="cond" truecount="4" falsecount="0"/>
        <line num="194" count="2" type="stmt"/>
        <line num="195" count="2" type="stmt"/>
        <line num="199" count="0" type="cond" truecount="0" falsecount="2"/>
        <line num="203" count="2" type="stmt"/>
        <line num="215" count="50" type="cond" truecount="1" falsecount="0"/>
        <line num="252" count="20" type="cond" truecount="3" falsecount="0"/>
        <line num="264" count="17" type="stmt"/>
        <line num="321" count="17" type="stmt"/>
        <line num="345" count="48" type="stmt"/>
        <line num="460" count="0" type="stmt"/>
        <line num="469" count="0" type="stmt"/>
        <line num="484" count="34" type="stmt"/>
        <line num="536" count="2" type="stmt"/>
      </file>
    </package>
    <package name="context">
      <metrics statements="46" coveredstatements="44" conditionals="14" coveredconditionals="11" methods="20" coveredmethods="20"/>
      <file name="cart-context.tsx" path="/Users/dilshadkhan/Desktop/NYUAD/software engineering/SaveN-Savor/save-n-savor-user-side/context/cart-context.tsx">
        <metrics statements="46" coveredstatements="44" conditionals="14" coveredconditionals="11" methods="20" coveredmethods="20"/>
        <line num="3" count="5" type="stmt"/>
        <line num="4" count="5" type="stmt"/>
        <line num="26" count="5" type="stmt"/>
        <line num="28" count="54" type="stmt"/>
        <line num="29" count="108" type="stmt"/>
        <line num="32" count="108" type="stmt"/>
        <line num="33" count="54" type="stmt"/>
        <line num="34" count="53" type="cond" truecount="1" falsecount="0"/>
        <line num="35" count="44" type="stmt"/>
        <line num="36" count="44" type="stmt"/>
        <line num="38" count="0" type="stmt"/>
        <line num="44" count="108" type="stmt"/>
        <line num="45" count="107" type="stmt"/>
        <line num="48" count="108" type="stmt"/>
        <line num="50" count="9" type="stmt"/>
        <line num="51" count="8" type="stmt"/>
        <line num="52" count="8" type="stmt"/>
        <line num="54" count="5" type="cond" truecount="2" falsecount="0"/>
        <line num="55" count="4" type="stmt"/>
        <line num="57" count="4" type="stmt"/>
        <line num="58" count="4" type="cond" truecount="2" falsecount="0"/>
        <line num="59" count="4" type="stmt"/>
        <line num="60" count="4" type="cond" truecount="1" falsecount="0"/>
        <line num="61" count="1" type="stmt"/>
        <line num="66" count="1" type="stmt"/>
        <line num="70" count="3" type="cond" truecount="2" falsecount="0"/>
        <line num="72" count="1" type="cond" truecount="1" falsecount="1"/>
        <line num="78" count="3" type="stmt"/>
        <line num="83" count="3" type="stmt"/>
        <line num="86" count="1" type="stmt"/>
        <line num="90" count="108" type="stmt"/>
        <line num="91" count="3" type="stmt"/>
        <line num="94" count="108" type="stmt"/>
        <line num="95" count="3" type="cond" truecount="1" falsecount="0"/>
        <line num="97" count="2" type="cond" truecount="1" falsecount="1"/>
        <line num="100" count="108" type="stmt"/>
        <line num="101" count="4" type="stmt"/>
        <line num="104" count="108" type="stmt"/>
        <line num="105" count="25" type="stmt"/>
        <line num="108" count="108" type="stmt"/>
        <line num="109" count="107" type="stmt"/>
        <line num="129" count="149" type="stmt"/>
        <line num="130" count="149" type="stmt"/>
        <line num="131" count="149" type="cond" truecount="0" falsecount="1"/>
        <line num="132" count="0" type="stmt"/>
        <line num="134" count="149" type="stmt"/>
      </file>
    </package>
    <package name="hooks">
      <metrics statements="12" coveredstatements="12" conditionals="1" coveredconditionals="1" methods="2" coveredmethods="2"/>
      <file name="useUser.ts" path="/Users/dilshadkhan/Desktop/NYUAD/software engineering/SaveN-Savor/save-n-savor-user-side/hooks/useUser.ts">
        <metrics statements="12" coveredstatements="12" conditionals="1" coveredconditionals="1" methods="2" coveredmethods="2"/>
        <line num="3" count="1" type="stmt"/>
        <line num="27" count="11" type="stmt"/>
        <line num="28" count="11" type="stmt"/>
        <line num="29" count="11" type="stmt"/>
        <line num="31" count="11" type="stmt"/>
        <line num="32" count="4" type="stmt"/>
        <line num="33" count="4" type="stmt"/>
        <line num="34" count="4" type="cond" truecount="1" falsecount="0"/>
        <line num="35" count="2" type="stmt"/>
        <line num="38" count="1" type="stmt"/>
        <line num="40" count="4" type="stmt"/>
        <line num="43" count="11" type="stmt"/>
      </file>
    </package>
  </project>
</coverage>
