{"/Users/dilshadkhan/Desktop/NYUAD/software engineering/SaveN-Savor/save-n-savor-user-side/app/browse/loading.tsx": {"path":"/Users/dilshadkhan/Desktop/NYUAD/software engineering/SaveN-Savor/save-n-savor-user-side/app/browse/loading.tsx","statementMap":{"0":{"start":{"line":1,"column":24},"end":{"line":1,"column":null}},"1":{"start":{"line":2,"column":2},"end":{"line":2,"column":null}}},"fnMap":{"0":{"name":"Loading","decl":{"start":{"line":1,"column":24},"end":{"line":1,"column":null}},"loc":{"start":{"line":1,"column":24},"end":{"line":3,"column":null}}}},"branchMap":{},"s":{"0":1,"1":1},"f":{"0":1},"b":{}}
,"/Users/dilshadkhan/Desktop/NYUAD/software engineering/SaveN-Savor/save-n-savor-user-side/app/browse/page.tsx": {"path":"/Users/dilshadkhan/Desktop/NYUAD/software engineering/SaveN-Savor/save-n-savor-user-side/app/browse/page.tsx","statementMap":{"0":{"start":{"line":53,"column":24},"end":{"line":53,"column":null}},"1":{"start":{"line":3,"column":36},"end":{"line":3,"column":null}},"2":{"start":{"line":4,"column":17},"end":{"line":4,"column":null}},"3":{"start":{"line":5,"column":56},"end":{"line":5,"column":null}},"4":{"start":{"line":6,"column":23},"end":{"line":6,"column":null}},"5":{"start":{"line":7,"column":22},"end":{"line":7,"column":null}},"6":{"start":{"line":8,"column":86},"end":{"line":8,"column":null}},"7":{"start":{"line":9,"column":22},"end":{"line":9,"column":null}},"8":{"start":{"line":10,"column":78},"end":{"line":10,"column":null}},"9":{"start":{"line":20,"column":7},"end":{"line":20,"column":null}},"10":{"start":{"line":21,"column":25},"end":{"line":21,"column":null}},"11":{"start":{"line":22,"column":22},"end":{"line":22,"column":null}},"12":{"start":{"line":23,"column":23},"end":{"line":23,"column":null}},"13":{"start":{"line":24,"column":57},"end":{"line":24,"column":null}},"14":{"start":{"line":26,"column":25},"end":{"line":26,"column":null}},"15":{"start":{"line":54,"column":40},"end":{"line":54,"column":null}},"16":{"start":{"line":55,"column":48},"end":{"line":55,"column":null}},"17":{"start":{"line":56,"column":48},"end":{"line":56,"column":null}},"18":{"start":{"line":57,"column":40},"end":{"line":57,"column":null}},"19":{"start":{"line":58,"column":30},"end":{"line":58,"column":null}},"20":{"start":{"line":59,"column":42},"end":{"line":59,"column":null}},"21":{"start":{"line":60,"column":36},"end":{"line":60,"column":null}},"22":{"start":{"line":61,"column":44},"end":{"line":61,"column":null}},"23":{"start":{"line":62,"column":36},"end":{"line":62,"column":null}},"24":{"start":{"line":63,"column":28},"end":{"line":63,"column":null}},"25":{"start":{"line":64,"column":42},"end":{"line":64,"column":null}},"26":{"start":{"line":65,"column":54},"end":{"line":65,"column":null}},"27":{"start":{"line":68,"column":2},"end":{"line":107,"column":null}},"28":{"start":{"line":69,"column":27},"end":{"line":104,"column":null}},"29":{"start":{"line":70,"column":6},"end":{"line":103,"column":null}},"30":{"start":{"line":71,"column":8},"end":{"line":71,"column":null}},"31":{"start":{"line":72,"column":25},"end":{"line":72,"column":56}},"32":{"start":{"line":74,"column":8},"end":{"line":76,"column":null}},"33":{"start":{"line":75,"column":10},"end":{"line":75,"column":null}},"34":{"start":{"line":78,"column":21},"end":{"line":78,"column":null}},"35":{"start":{"line":80,"column":8},"end":{"line":80,"column":null}},"36":{"start":{"line":83,"column":25},"end":{"line":83,"column":null}},"37":{"start":{"line":84,"column":24},"end":{"line":84,"column":null}},"38":{"start":{"line":86,"column":8},"end":{"line":91,"column":null}},"39":{"start":{"line":87,"column":10},"end":{"line":87,"column":null}},"40":{"start":{"line":87,"column":28},"end":{"line":87,"column":null}},"41":{"start":{"line":88,"column":10},"end":{"line":90,"column":null}},"42":{"start":{"line":89,"column":12},"end":{"line":89,"column":null}},"43":{"start":{"line":89,"column":51},"end":{"line":89,"column":null}},"44":{"start":{"line":93,"column":8},"end":{"line":93,"column":null}},"45":{"start":{"line":94,"column":8},"end":{"line":94,"column":null}},"46":{"start":{"line":96,"column":8},"end":{"line":96,"column":null}},"47":{"start":{"line":97,"column":8},"end":{"line":97,"column":null}},"48":{"start":{"line":98,"column":8},"end":{"line":98,"column":null}},"49":{"start":{"line":99,"column":8},"end":{"line":99,"column":null}},"50":{"start":{"line":100,"column":8},"end":{"line":100,"column":null}},"51":{"start":{"line":102,"column":8},"end":{"line":102,"column":null}},"52":{"start":{"line":106,"column":4},"end":{"line":106,"column":null}},"53":{"start":{"line":110,"column":2},"end":{"line":126,"column":null}},"54":{"start":{"line":111,"column":4},"end":{"line":125,"column":null}},"55":{"start":{"line":112,"column":6},"end":{"line":123,"column":null}},"56":{"start":{"line":114,"column":10},"end":{"line":117,"column":null}},"57":{"start":{"line":120,"column":10},"end":{"line":120,"column":null}},"58":{"start":{"line":122,"column":10},"end":{"line":122,"column":null}},"59":{"start":{"line":129,"column":2},"end":{"line":178,"column":null}},"60":{"start":{"line":130,"column":4},"end":{"line":130,"column":null}},"61":{"start":{"line":130,"column":32},"end":{"line":130,"column":null}},"62":{"start":{"line":132,"column":19},"end":{"line":132,"column":null}},"63":{"start":{"line":135,"column":4},"end":{"line":142,"column":null}},"64":{"start":{"line":136,"column":6},"end":{"line":140,"column":null}},"65":{"start":{"line":138,"column":10},"end":{"line":140,"column":null}},"66":{"start":{"line":145,"column":4},"end":{"line":147,"column":null}},"67":{"start":{"line":146,"column":6},"end":{"line":146,"column":null}},"68":{"start":{"line":146,"column":43},"end":{"line":146,"column":null}},"69":{"start":{"line":150,"column":4},"end":{"line":152,"column":null}},"70":{"start":{"line":151,"column":6},"end":{"line":151,"column":null}},"71":{"start":{"line":151,"column":43},"end":{"line":151,"column":null}},"72":{"start":{"line":151,"column":74},"end":{"line":151,"column":null}},"73":{"start":{"line":155,"column":4},"end":{"line":158,"column":null}},"74":{"start":{"line":156,"column":28},"end":{"line":156,"column":null}},"75":{"start":{"line":157,"column":6},"end":{"line":157,"column":null}},"76":{"start":{"line":161,"column":4},"end":{"line":175,"column":null}},"77":{"start":{"line":162,"column":6},"end":{"line":164,"column":null}},"78":{"start":{"line":163,"column":8},"end":{"line":163,"column":null}},"79":{"start":{"line":165,"column":11},"end":{"line":175,"column":null}},"80":{"start":{"line":166,"column":6},"end":{"line":166,"column":null}},"81":{"start":{"line":166,"column":30},"end":{"line":166,"column":67}},"82":{"start":{"line":167,"column":11},"end":{"line":175,"column":null}},"83":{"start":{"line":168,"column":6},"end":{"line":172,"column":null}},"84":{"start":{"line":169,"column":26},"end":{"line":169,"column":null}},"85":{"start":{"line":170,"column":26},"end":{"line":170,"column":null}},"86":{"start":{"line":171,"column":8},"end":{"line":171,"column":null}},"87":{"start":{"line":173,"column":11},"end":{"line":175,"column":null}},"88":{"start":{"line":174,"column":6},"end":{"line":174,"column":null}},"89":{"start":{"line":174,"column":30},"end":{"line":174,"column":49}},"90":{"start":{"line":177,"column":4},"end":{"line":177,"column":null}},"91":{"start":{"line":180,"column":34},"end":{"line":186,"column":null}},"92":{"start":{"line":181,"column":4},"end":{"line":185,"column":null}},"93":{"start":{"line":182,"column":6},"end":{"line":182,"column":null}},"94":{"start":{"line":182,"column":58},"end":{"line":182,"column":null}},"95":{"start":{"line":184,"column":6},"end":{"line":184,"column":null}},"96":{"start":{"line":188,"column":23},"end":{"line":194,"column":null}},"97":{"start":{"line":189,"column":4},"end":{"line":189,"column":null}},"98":{"start":{"line":190,"column":4},"end":{"line":190,"column":null}},"99":{"start":{"line":191,"column":4},"end":{"line":191,"column":null}},"100":{"start":{"line":192,"column":4},"end":{"line":192,"column":null}},"101":{"start":{"line":193,"column":4},"end":{"line":193,"column":null}},"102":{"start":{"line":231,"column":29},"end":{"line":231,"column":null}},"103":{"start":{"line":268,"column":24},"end":{"line":268,"column":50}},"104":{"start":{"line":280,"column":22},"end":{"line":280,"column":44}},"105":{"start":{"line":284,"column":49},"end":{"line":284,"column":null}},"106":{"start":{"line":302,"column":46},"end":{"line":302,"column":null}},"107":{"start":{"line":339,"column":41},"end":{"line":339,"column":68}},"108":{"start":{"line":345,"column":16},"end":{"line":345,"column":34}},"109":{"start":{"line":348,"column":35},"end":{"line":348,"column":null}},"110":{"start":{"line":358,"column":41},"end":{"line":358,"column":60}},"111":{"start":{"line":380,"column":16},"end":{"line":380,"column":null}},"112":{"start":{"line":388,"column":16},"end":{"line":388,"column":36}},"113":{"start":{"line":425,"column":24},"end":{"line":425,"column":42}}},"fnMap":{"0":{"name":"BrowsePage","decl":{"start":{"line":53,"column":24},"end":{"line":53,"column":null}},"loc":{"start":{"line":53,"column":24},"end":{"line":467,"column":null}}},"1":{"name":"(anonymous_3)","decl":{"start":{"line":68,"column":12},"end":{"line":68,"column":null}},"loc":{"start":{"line":68,"column":12},"end":{"line":107,"column":5}}},"2":{"name":"(anonymous_4)","decl":{"start":{"line":69,"column":27},"end":{"line":69,"column":null}},"loc":{"start":{"line":69,"column":27},"end":{"line":104,"column":null}}},"3":{"name":"(anonymous_5)","decl":{"start":{"line":86,"column":21},"end":{"line":86,"column":22}},"loc":{"start":{"line":86,"column":22},"end":{"line":91,"column":null}}},"4":{"name":"(anonymous_6)","decl":{"start":{"line":89,"column":33},"end":{"line":89,"column":34}},"loc":{"start":{"line":89,"column":51},"end":{"line":89,"column":null}}},"5":{"name":"(anonymous_7)","decl":{"start":{"line":110,"column":12},"end":{"line":110,"column":null}},"loc":{"start":{"line":110,"column":12},"end":{"line":126,"column":5}}},"6":{"name":"(anonymous_8)","decl":{"start":{"line":113,"column":8},"end":{"line":113,"column":9}},"loc":{"start":{"line":113,"column":9},"end":{"line":118,"column":null}}},"7":{"name":"(anonymous_9)","decl":{"start":{"line":119,"column":8},"end":{"line":119,"column":9}},"loc":{"start":{"line":119,"column":9},"end":{"line":123,"column":null}}},"8":{"name":"(anonymous_10)","decl":{"start":{"line":129,"column":12},"end":{"line":129,"column":null}},"loc":{"start":{"line":129,"column":12},"end":{"line":178,"column":5}}},"9":{"name":"(anonymous_11)","decl":{"start":{"line":137,"column":8},"end":{"line":137,"column":9}},"loc":{"start":{"line":138,"column":10},"end":{"line":140,"column":null}}},"10":{"name":"(anonymous_12)","decl":{"start":{"line":146,"column":33},"end":{"line":146,"column":34}},"loc":{"start":{"line":146,"column":43},"end":{"line":146,"column":null}}},"11":{"name":"(anonymous_13)","decl":{"start":{"line":151,"column":33},"end":{"line":151,"column":34}},"loc":{"start":{"line":151,"column":43},"end":{"line":151,"column":null}}},"12":{"name":"(anonymous_14)","decl":{"start":{"line":151,"column":64},"end":{"line":151,"column":65}},"loc":{"start":{"line":151,"column":74},"end":{"line":151,"column":null}}},"13":{"name":"(anonymous_15)","decl":{"start":{"line":155,"column":31},"end":{"line":155,"column":32}},"loc":{"start":{"line":155,"column":32},"end":{"line":158,"column":null}}},"14":{"name":"(anonymous_16)","decl":{"start":{"line":162,"column":20},"end":{"line":162,"column":21}},"loc":{"start":{"line":162,"column":24},"end":{"line":164,"column":null}}},"15":{"name":"(anonymous_17)","decl":{"start":{"line":166,"column":20},"end":{"line":166,"column":21}},"loc":{"start":{"line":166,"column":30},"end":{"line":166,"column":67}}},"16":{"name":"(anonymous_18)","decl":{"start":{"line":168,"column":20},"end":{"line":168,"column":21}},"loc":{"start":{"line":168,"column":24},"end":{"line":172,"column":null}}},"17":{"name":"(anonymous_19)","decl":{"start":{"line":174,"column":20},"end":{"line":174,"column":21}},"loc":{"start":{"line":174,"column":30},"end":{"line":174,"column":49}}},"18":{"name":"(anonymous_20)","decl":{"start":{"line":180,"column":34},"end":{"line":180,"column":35}},"loc":{"start":{"line":180,"column":35},"end":{"line":186,"column":null}}},"19":{"name":"(anonymous_21)","decl":{"start":{"line":182,"column":48},"end":{"line":182,"column":49}},"loc":{"start":{"line":182,"column":58},"end":{"line":182,"column":null}}},"20":{"name":"(anonymous_22)","decl":{"start":{"line":188,"column":23},"end":{"line":188,"column":null}},"loc":{"start":{"line":188,"column":23},"end":{"line":194,"column":null}}},"21":{"name":"(anonymous_24)","decl":{"start":{"line":231,"column":22},"end":{"line":231,"column":23}},"loc":{"start":{"line":231,"column":29},"end":{"line":231,"column":null}}},"22":{"name":"(anonymous_25)","decl":{"start":{"line":267,"column":40},"end":{"line":267,"column":41}},"loc":{"start":{"line":268,"column":24},"end":{"line":268,"column":50}}},"23":{"name":"(anonymous_26)","decl":{"start":{"line":279,"column":44},"end":{"line":279,"column":45}},"loc":{"start":{"line":280,"column":22},"end":{"line":280,"column":44}}},"24":{"name":"(anonymous_27)","decl":{"start":{"line":284,"column":43},"end":{"line":284,"column":49}},"loc":{"start":{"line":284,"column":49},"end":{"line":284,"column":null}}},"25":{"name":"(anonymous_28)","decl":{"start":{"line":302,"column":35},"end":{"line":302,"column":36}},"loc":{"start":{"line":302,"column":46},"end":{"line":302,"column":null}}},"26":{"name":"(anonymous_29)","decl":{"start":{"line":339,"column":35},"end":{"line":339,"column":41}},"loc":{"start":{"line":339,"column":41},"end":{"line":339,"column":68}}},"27":{"name":"(anonymous_30)","decl":{"start":{"line":344,"column":35},"end":{"line":344,"column":36}},"loc":{"start":{"line":345,"column":16},"end":{"line":345,"column":34}}},"28":{"name":"(anonymous_31)","decl":{"start":{"line":348,"column":29},"end":{"line":348,"column":35}},"loc":{"start":{"line":348,"column":35},"end":{"line":348,"column":null}}},"29":{"name":"(anonymous_32)","decl":{"start":{"line":358,"column":35},"end":{"line":358,"column":41}},"loc":{"start":{"line":358,"column":41},"end":{"line":358,"column":60}}},"30":{"name":"(anonymous_33)","decl":{"start":{"line":379,"column":38},"end":{"line":379,"column":39}},"loc":{"start":{"line":380,"column":16},"end":{"line":380,"column":null}}},"31":{"name":"(anonymous_34)","decl":{"start":{"line":387,"column":33},"end":{"line":387,"column":34}},"loc":{"start":{"line":388,"column":16},"end":{"line":388,"column":36}}},"32":{"name":"(anonymous_35)","decl":{"start":{"line":424,"column":40},"end":{"line":424,"column":41}},"loc":{"start":{"line":425,"column":24},"end":{"line":425,"column":42}}}},"branchMap":{"0":{"loc":{"start":{"line":74,"column":8},"end":{"line":76,"column":null}},"type":"if","locations":[{"start":{"line":74,"column":8},"end":{"line":76,"column":null}}]},"1":{"loc":{"start":{"line":87,"column":10},"end":{"line":87,"column":null}},"type":"if","locations":[{"start":{"line":87,"column":10},"end":{"line":87,"column":null}}]},"2":{"loc":{"start":{"line":88,"column":10},"end":{"line":90,"column":null}},"type":"if","locations":[{"start":{"line":88,"column":10},"end":{"line":90,"column":null}}]},"3":{"loc":{"start":{"line":111,"column":4},"end":{"line":125,"column":null}},"type":"if","locations":[{"start":{"line":111,"column":4},"end":{"line":125,"column":null}}]},"4":{"loc":{"start":{"line":130,"column":4},"end":{"line":130,"column":null}},"type":"if","locations":[{"start":{"line":130,"column":4},"end":{"line":130,"column":null}}]},"5":{"loc":{"start":{"line":135,"column":4},"end":{"line":142,"column":null}},"type":"if","locations":[{"start":{"line":135,"column":4},"end":{"line":142,"column":null}}]},"6":{"loc":{"start":{"line":138,"column":10},"end":{"line":140,"column":null}},"type":"binary-expr","locations":[{"start":{"line":138,"column":10},"end":{"line":138,"column":null}},{"start":{"line":139,"column":10},"end":{"line":139,"column":null}},{"start":{"line":140,"column":10},"end":{"line":140,"column":null}}]},"7":{"loc":{"start":{"line":145,"column":4},"end":{"line":147,"column":null}},"type":"if","locations":[{"start":{"line":145,"column":4},"end":{"line":147,"column":null}}]},"8":{"loc":{"start":{"line":150,"column":4},"end":{"line":152,"column":null}},"type":"if","locations":[{"start":{"line":150,"column":4},"end":{"line":152,"column":null}}]},"9":{"loc":{"start":{"line":161,"column":4},"end":{"line":175,"column":null}},"type":"if","locations":[{"start":{"line":161,"column":4},"end":{"line":175,"column":null}},{"start":{"line":165,"column":11},"end":{"line":175,"column":null}}]},"10":{"loc":{"start":{"line":165,"column":11},"end":{"line":175,"column":null}},"type":"if","locations":[{"start":{"line":165,"column":11},"end":{"line":175,"column":null}},{"start":{"line":167,"column":11},"end":{"line":175,"column":null}}]},"11":{"loc":{"start":{"line":167,"column":11},"end":{"line":175,"column":null}},"type":"if","locations":[{"start":{"line":167,"column":11},"end":{"line":175,"column":null}},{"start":{"line":173,"column":11},"end":{"line":175,"column":null}}]},"12":{"loc":{"start":{"line":173,"column":11},"end":{"line":175,"column":null}},"type":"if","locations":[{"start":{"line":173,"column":11},"end":{"line":175,"column":null}}]},"13":{"loc":{"start":{"line":181,"column":4},"end":{"line":185,"column":null}},"type":"if","locations":[{"start":{"line":181,"column":4},"end":{"line":185,"column":null}},{"start":{"line":183,"column":11},"end":{"line":185,"column":null}}]},"14":{"loc":{"start":{"line":327,"column":11},"end":{"line":327,"column":null}},"type":"binary-expr","locations":[{"start":{"line":327,"column":11},"end":{"line":327,"column":null}}]},"15":{"loc":{"start":{"line":334,"column":12},"end":{"line":334,"column":41}},"type":"binary-expr","locations":[{"start":{"line":334,"column":12},"end":{"line":334,"column":41}},{"start":{"line":334,"column":41},"end":{"line":334,"column":71}},{"start":{"line":334,"column":71},"end":{"line":334,"column":null}}]},"16":{"loc":{"start":{"line":336,"column":15},"end":{"line":336,"column":null}},"type":"binary-expr","locations":[{"start":{"line":336,"column":15},"end":{"line":336,"column":null}}]},"17":{"loc":{"start":{"line":355,"column":15},"end":{"line":355,"column":null}},"type":"binary-expr","locations":[{"start":{"line":355,"column":15},"end":{"line":355,"column":null}}]},"18":{"loc":{"start":{"line":370,"column":11},"end":{"line":370,"column":null}},"type":"binary-expr","locations":[{"start":{"line":370,"column":11},"end":{"line":370,"column":null}}]},"19":{"loc":{"start":{"line":372,"column":38},"end":{"line":372,"column":88}},"type":"cond-expr","locations":[{"start":{"line":372,"column":67},"end":{"line":372,"column":78}},{"start":{"line":372,"column":78},"end":{"line":372,"column":88}}]},"20":{"loc":{"start":{"line":378,"column":12},"end":{"line":385,"column":28}},"type":"cond-expr","locations":[{"start":{"line":378,"column":12},"end":{"line":385,"column":28}}]},"21":{"loc":{"start":{"line":386,"column":12},"end":{"line":449,"column":13}},"type":"cond-expr","locations":[{"start":{"line":386,"column":12},"end":{"line":449,"column":13}}]},"22":{"loc":{"start":{"line":396,"column":27},"end":{"line":396,"column":null}},"type":"binary-expr","locations":[{"start":{"line":396,"column":27},"end":{"line":396,"column":37}},{"start":{"line":396,"column":41},"end":{"line":396,"column":null}}]},"23":{"loc":{"start":{"line":422,"column":21},"end":{"line":422,"column":36}},"type":"binary-expr","locations":[{"start":{"line":422,"column":21},"end":{"line":422,"column":36}}]},"24":{"loc":{"start":{"line":435,"column":23},"end":{"line":435,"column":null}},"type":"binary-expr","locations":[{"start":{"line":435,"column":23},"end":{"line":435,"column":null}}]}},"s":{"0":37,"1":2,"2":2,"3":2,"4":2,"5":2,"6":2,"7":2,"8":2,"9":2,"10":2,"11":2,"12":2,"13":2,"14":2,"15":172,"16":171,"17":171,"18":171,"19":171,"20":171,"21":171,"22":171,"23":171,"24":171,"25":171,"26":171,"27":171,"28":37,"29":37,"30":37,"31":37,"32":33,"33":1,"34":32,"35":32,"36":32,"37":32,"38":32,"39":79,"40":78,"41":79,"42":78,"43":123,"44":32,"45":32,"46":4,"47":4,"48":4,"49":4,"50":4,"51":36,"52":37,"53":171,"54":37,"55":37,"56":35,"57":2,"58":2,"59":171,"60":87,"61":43,"62":44,"63":44,"64":8,"65":23,"66":44,"67":0,"68":0,"69":44,"70":5,"71":13,"72":14,"73":44,"74":98,"75":98,"76":44,"77":44,"78":102,"79":0,"80":0,"81":0,"82":0,"83":0,"84":0,"85":0,"86":0,"87":0,"88":0,"89":0,"90":44,"91":171,"92":5,"93":0,"94":0,"95":5,"96":171,"97":2,"98":2,"99":2,"100":2,"101":2,"102":7,"103":405,"104":240,"105":5,"106":0,"107":0,"108":12,"109":0,"110":0,"111":444,"112":133,"113":212},"f":{"0":172,"1":37,"2":37,"3":79,"4":123,"5":37,"6":35,"7":2,"8":87,"9":23,"10":0,"11":13,"12":14,"13":98,"14":102,"15":0,"16":0,"17":0,"18":5,"19":0,"20":2,"21":7,"22":405,"23":240,"24":5,"25":0,"26":0,"27":12,"28":0,"29":0,"30":444,"31":133,"32":212},"b":{"0":[1],"1":[78],"2":[78],"3":[37],"4":[43],"5":[8],"6":[23,19,18],"7":[0],"8":[5],"9":[44,0],"10":[0,0],"11":[0,0],"12":[0],"13":[0,5],"14":[171],"15":[171,171,161],"16":[10],"17":[10],"18":[171],"19":[14,83],"20":[74],"21":[57],"22":[133,4],"23":[133],"24":[129]}}
,"/Users/dilshadkhan/Desktop/NYUAD/software engineering/SaveN-Savor/save-n-savor-user-side/app/cart/page.tsx": {"path":"/Users/dilshadkhan/Desktop/NYUAD/software engineering/SaveN-Savor/save-n-savor-user-side/app/cart/page.tsx","statementMap":{"0":{"start":{"line":16,"column":24},"end":{"line":16,"column":null}},"1":{"start":{"line":3,"column":36},"end":{"line":3,"column":null}},"2":{"start":{"line":4,"column":17},"end":{"line":4,"column":null}},"3":{"start":{"line":5,"column":26},"end":{"line":5,"column":null}},"4":{"start":{"line":6,"column":78},"end":{"line":6,"column":null}},"5":{"start":{"line":7,"column":23},"end":{"line":7,"column":null}},"6":{"start":{"line":8,"column":86},"end":{"line":8,"column":null}},"7":{"start":{"line":9,"column":26},"end":{"line":9,"column":null}},"8":{"start":{"line":10,"column":43},"end":{"line":10,"column":null}},"9":{"start":{"line":11,"column":22},"end":{"line":11,"column":null}},"10":{"start":{"line":12,"column":52},"end":{"line":12,"column":null}},"11":{"start":{"line":13,"column":22},"end":{"line":13,"column":null}},"12":{"start":{"line":14,"column":24},"end":{"line":14,"column":null}},"13":{"start":{"line":17,"column":17},"end":{"line":17,"column":null}},"14":{"start":{"line":18,"column":81},"end":{"line":18,"column":null}},"15":{"start":{"line":19,"column":44},"end":{"line":19,"column":null}},"16":{"start":{"line":20,"column":42},"end":{"line":20,"column":null}},"17":{"start":{"line":21,"column":26},"end":{"line":21,"column":null}},"18":{"start":{"line":24,"column":52},"end":{"line":24,"column":null}},"19":{"start":{"line":26,"column":2},"end":{"line":39,"column":null}},"20":{"start":{"line":28,"column":23},"end":{"line":28,"column":null}},"21":{"start":{"line":29,"column":4},"end":{"line":38,"column":null}},"22":{"start":{"line":30,"column":6},"end":{"line":37,"column":null}},"23":{"start":{"line":31,"column":27},"end":{"line":31,"column":null}},"24":{"start":{"line":32,"column":8},"end":{"line":32,"column":null}},"25":{"start":{"line":33,"column":8},"end":{"line":33,"column":null}},"26":{"start":{"line":35,"column":8},"end":{"line":35,"column":null}},"27":{"start":{"line":36,"column":8},"end":{"line":36,"column":null}},"28":{"start":{"line":41,"column":27},"end":{"line":47,"column":null}},"29":{"start":{"line":42,"column":4},"end":{"line":42,"column":null}},"30":{"start":{"line":43,"column":4},"end":{"line":46,"column":null}},"31":{"start":{"line":49,"column":31},"end":{"line":65,"column":null}},"32":{"start":{"line":50,"column":21},"end":{"line":50,"column":null}},"33":{"start":{"line":51,"column":67},"end":{"line":51,"column":null}},"34":{"start":{"line":52,"column":17},"end":{"line":52,"column":null}},"35":{"start":{"line":52,"column":42},"end":{"line":52,"column":null}},"36":{"start":{"line":54,"column":4},"end":{"line":54,"column":null}},"37":{"start":{"line":54,"column":15},"end":{"line":54,"column":null}},"38":{"start":{"line":55,"column":4},"end":{"line":62,"column":null}},"39":{"start":{"line":56,"column":6},"end":{"line":60,"column":null}},"40":{"start":{"line":61,"column":6},"end":{"line":61,"column":null}},"41":{"start":{"line":64,"column":4},"end":{"line":64,"column":null}},"42":{"start":{"line":67,"column":25},"end":{"line":195,"column":null}},"43":{"start":{"line":68,"column":4},"end":{"line":76,"column":null}},"44":{"start":{"line":69,"column":6},"end":{"line":73,"column":null}},"45":{"start":{"line":74,"column":6},"end":{"line":74,"column":null}},"46":{"start":{"line":75,"column":6},"end":{"line":75,"column":null}},"47":{"start":{"line":78,"column":4},"end":{"line":85,"column":null}},"48":{"start":{"line":79,"column":6},"end":{"line":83,"column":null}},"49":{"start":{"line":84,"column":6},"end":{"line":84,"column":null}},"50":{"start":{"line":87,"column":4},"end":{"line":101,"column":null}},"51":{"start":{"line":88,"column":6},"end":{"line":100,"column":null}},"52":{"start":{"line":94,"column":8},"end":{"line":98,"column":null}},"53":{"start":{"line":99,"column":8},"end":{"line":99,"column":null}},"54":{"start":{"line":103,"column":4},"end":{"line":194,"column":null}},"55":{"start":{"line":104,"column":6},"end":{"line":104,"column":null}},"56":{"start":{"line":106,"column":6},"end":{"line":106,"column":null}},"57":{"start":{"line":107,"column":6},"end":{"line":107,"column":null}},"58":{"start":{"line":110,"column":23},"end":{"line":110,"column":null}},"59":{"start":{"line":111,"column":25},"end":{"line":111,"column":null}},"60":{"start":{"line":112,"column":20},"end":{"line":112,"column":null}},"61":{"start":{"line":115,"column":28},"end":{"line":115,"column":null}},"62":{"start":{"line":118,"column":25},"end":{"line":118,"column":null}},"63":{"start":{"line":121,"column":24},"end":{"line":137,"column":null}},"64":{"start":{"line":123,"column":40},"end":{"line":130,"column":null}},"65":{"start":{"line":139,"column":6},"end":{"line":139,"column":null}},"66":{"start":{"line":142,"column":23},"end":{"line":148,"column":null}},"67":{"start":{"line":150,"column":27},"end":{"line":150,"column":null}},"68":{"start":{"line":151,"column":6},"end":{"line":151,"column":null}},"69":{"start":{"line":154,"column":6},"end":{"line":159,"column":null}},"70":{"start":{"line":155,"column":8},"end":{"line":155,"column":null}},"71":{"start":{"line":157,"column":8},"end":{"line":157,"column":null}},"72":{"start":{"line":158,"column":8},"end":{"line":158,"column":null}},"73":{"start":{"line":161,"column":6},"end":{"line":168,"column":null}},"74":{"start":{"line":163,"column":8},"end":{"line":166,"column":null}},"75":{"start":{"line":164,"column":28},"end":{"line":164,"column":null}},"76":{"start":{"line":164,"column":64},"end":{"line":164,"column":94}},"77":{"start":{"line":165,"column":10},"end":{"line":165,"column":null}},"78":{"start":{"line":167,"column":8},"end":{"line":167,"column":null}},"79":{"start":{"line":171,"column":6},"end":{"line":171,"column":null}},"80":{"start":{"line":173,"column":6},"end":{"line":176,"column":null}},"81":{"start":{"line":179,"column":6},"end":{"line":179,"column":null}},"82":{"start":{"line":182,"column":6},"end":{"line":184,"column":null}},"83":{"start":{"line":183,"column":8},"end":{"line":183,"column":null}},"84":{"start":{"line":186,"column":6},"end":{"line":186,"column":null}},"85":{"start":{"line":187,"column":6},"end":{"line":191,"column":null}},"86":{"start":{"line":193,"column":6},"end":{"line":193,"column":null}},"87":{"start":{"line":198,"column":19},"end":{"line":198,"column":null}},"88":{"start":{"line":199,"column":21},"end":{"line":199,"column":null}},"89":{"start":{"line":200,"column":16},"end":{"line":200,"column":null}},"90":{"start":{"line":224,"column":18},"end":{"line":224,"column":37}},"91":{"start":{"line":245,"column":43},"end":{"line":245,"column":null}},"92":{"start":{"line":254,"column":43},"end":{"line":254,"column":null}},"93":{"start":{"line":265,"column":43},"end":{"line":265,"column":null}},"94":{"start":{"line":337,"column":48},"end":{"line":337,"column":null}},"95":{"start":{"line":342,"column":30},"end":{"line":343,"column":null}},"96":{"start":{"line":360,"column":82},"end":{"line":360,"column":null}}},"fnMap":{"0":{"name":"CartPage","decl":{"start":{"line":16,"column":24},"end":{"line":16,"column":null}},"loc":{"start":{"line":16,"column":24},"end":{"line":407,"column":null}}},"1":{"name":"(anonymous_3)","decl":{"start":{"line":26,"column":12},"end":{"line":26,"column":null}},"loc":{"start":{"line":26,"column":12},"end":{"line":39,"column":5}}},"2":{"name":"(anonymous_4)","decl":{"start":{"line":41,"column":27},"end":{"line":41,"column":28}},"loc":{"start":{"line":41,"column":28},"end":{"line":47,"column":null}}},"3":{"name":"(anonymous_5)","decl":{"start":{"line":49,"column":31},"end":{"line":49,"column":38}},"loc":{"start":{"line":49,"column":59},"end":{"line":65,"column":null}}},"4":{"name":"(anonymous_6)","decl":{"start":{"line":52,"column":32},"end":{"line":52,"column":33}},"loc":{"start":{"line":52,"column":42},"end":{"line":52,"column":null}}},"5":{"name":"(anonymous_7)","decl":{"start":{"line":67,"column":25},"end":{"line":67,"column":null}},"loc":{"start":{"line":67,"column":25},"end":{"line":195,"column":null}}},"6":{"name":"(anonymous_8)","decl":{"start":{"line":123,"column":29},"end":{"line":123,"column":30}},"loc":{"start":{"line":123,"column":40},"end":{"line":130,"column":null}}},"7":{"name":"(anonymous_9)","decl":{"start":{"line":164,"column":54},"end":{"line":164,"column":55}},"loc":{"start":{"line":164,"column":64},"end":{"line":164,"column":94}}},"8":{"name":"(anonymous_10)","decl":{"start":{"line":182,"column":17},"end":{"line":182,"column":null}},"loc":{"start":{"line":182,"column":17},"end":{"line":184,"column":9}}},"9":{"name":"(anonymous_11)","decl":{"start":{"line":223,"column":31},"end":{"line":223,"column":32}},"loc":{"start":{"line":224,"column":18},"end":{"line":224,"column":37}}},"10":{"name":"(anonymous_12)","decl":{"start":{"line":245,"column":37},"end":{"line":245,"column":43}},"loc":{"start":{"line":245,"column":43},"end":{"line":245,"column":null}}},"11":{"name":"(anonymous_13)","decl":{"start":{"line":254,"column":37},"end":{"line":254,"column":43}},"loc":{"start":{"line":254,"column":43},"end":{"line":254,"column":null}}},"12":{"name":"(anonymous_14)","decl":{"start":{"line":265,"column":37},"end":{"line":265,"column":43}},"loc":{"start":{"line":265,"column":43},"end":{"line":265,"column":null}}},"13":{"name":"(anonymous_15)","decl":{"start":{"line":337,"column":39},"end":{"line":337,"column":40}},"loc":{"start":{"line":337,"column":48},"end":{"line":337,"column":null}}},"14":{"name":"(anonymous_16)","decl":{"start":{"line":341,"column":28},"end":{"line":341,"column":29}},"loc":{"start":{"line":342,"column":30},"end":{"line":343,"column":null}}},"15":{"name":"(anonymous_17)","decl":{"start":{"line":360,"column":76},"end":{"line":360,"column":82}},"loc":{"start":{"line":360,"column":82},"end":{"line":360,"column":null}}}},"branchMap":{"0":{"loc":{"start":{"line":29,"column":4},"end":{"line":38,"column":null}},"type":"if","locations":[{"start":{"line":29,"column":4},"end":{"line":38,"column":null}}]},"1":{"loc":{"start":{"line":54,"column":4},"end":{"line":54,"column":null}},"type":"if","locations":[{"start":{"line":54,"column":4},"end":{"line":54,"column":null}}]},"2":{"loc":{"start":{"line":55,"column":4},"end":{"line":62,"column":null}},"type":"if","locations":[{"start":{"line":55,"column":4},"end":{"line":62,"column":null}}]},"3":{"loc":{"start":{"line":55,"column":8},"end":{"line":55,"column":54}},"type":"binary-expr","locations":[{"start":{"line":55,"column":8},"end":{"line":55,"column":27}},{"start":{"line":55,"column":27},"end":{"line":55,"column":54}}]},"4":{"loc":{"start":{"line":68,"column":4},"end":{"line":76,"column":null}},"type":"if","locations":[{"start":{"line":68,"column":4},"end":{"line":76,"column":null}}]},"5":{"loc":{"start":{"line":78,"column":4},"end":{"line":85,"column":null}},"type":"if","locations":[{"start":{"line":78,"column":4},"end":{"line":85,"column":null}}]},"6":{"loc":{"start":{"line":87,"column":4},"end":{"line":101,"column":null}},"type":"if","locations":[{"start":{"line":87,"column":4},"end":{"line":101,"column":null}}]},"7":{"loc":{"start":{"line":88,"column":6},"end":{"line":100,"column":null}},"type":"if","locations":[{"start":{"line":88,"column":6},"end":{"line":100,"column":null}}]},"8":{"loc":{"start":{"line":89,"column":8},"end":{"line":92,"column":55}},"type":"binary-expr","locations":[{"start":{"line":89,"column":8},"end":{"line":89,"column":null}},{"start":{"line":90,"column":8},"end":{"line":90,"column":null}},{"start":{"line":91,"column":8},"end":{"line":91,"column":null}},{"start":{"line":92,"column":8},"end":{"line":92,"column":55}}]},"9":{"loc":{"start":{"line":115,"column":28},"end":{"line":115,"column":null}},"type":"cond-expr","locations":[{"start":{"line":115,"column":51},"end":{"line":115,"column":87}},{"start":{"line":115,"column":90},"end":{"line":115,"column":null}}]},"10":{"loc":{"start":{"line":161,"column":6},"end":{"line":168,"column":null}},"type":"if","locations":[{"start":{"line":161,"column":6},"end":{"line":168,"column":null}}]},"11":{"loc":{"start":{"line":163,"column":8},"end":{"line":166,"column":null}},"type":"if","locations":[{"start":{"line":163,"column":8},"end":{"line":166,"column":null}}]},"12":{"loc":{"start":{"line":163,"column":12},"end":{"line":163,"column":71}},"type":"binary-expr","locations":[{"start":{"line":163,"column":12},"end":{"line":163,"column":33}},{"start":{"line":163,"column":37},"end":{"line":163,"column":71}}]},"13":{"loc":{"start":{"line":167,"column":24},"end":{"line":167,"column":null}},"type":"binary-expr","locations":[{"start":{"line":167,"column":24},"end":{"line":167,"column":34}},{"start":{"line":167,"column":38},"end":{"line":167,"column":null}}]},"14":{"loc":{"start":{"line":189,"column":21},"end":{"line":189,"column":null}},"type":"binary-expr","locations":[{"start":{"line":189,"column":21},"end":{"line":189,"column":45}},{"start":{"line":189,"column":49},"end":{"line":189,"column":null}}]},"15":{"loc":{"start":{"line":214,"column":8},"end":{"line":381,"column":9}},"type":"cond-expr","locations":[{"start":{"line":214,"column":8},"end":{"line":381,"column":9}}]},"16":{"loc":{"start":{"line":227,"column":29},"end":{"line":227,"column":null}},"type":"binary-expr","locations":[{"start":{"line":227,"column":29},"end":{"line":227,"column":39}},{"start":{"line":227,"column":43},"end":{"line":227,"column":null}}]},"17":{"loc":{"start":{"line":332,"column":19},"end":{"line":332,"column":null}},"type":"binary-expr","locations":[{"start":{"line":332,"column":19},"end":{"line":332,"column":null}}]},"18":{"loc":{"start":{"line":340,"column":26},"end":{"line":343,"column":null}},"type":"cond-expr","locations":[{"start":{"line":340,"column":26},"end":{"line":343,"column":null}}]},"19":{"loc":{"start":{"line":339,"column":26},"end":{"line":339,"column":51}},"type":"binary-expr","locations":[{"start":{"line":339,"column":26},"end":{"line":339,"column":50}},{"start":{"line":339,"column":50},"end":{"line":339,"column":51}}]},"20":{"loc":{"start":{"line":344,"column":96},"end":{"line":344,"column":154}},"type":"cond-expr","locations":[{"start":{"line":344,"column":124},"end":{"line":344,"column":150}},{"start":{"line":344,"column":150},"end":{"line":344,"column":154}}]},"21":{"loc":{"start":{"line":373,"column":21},"end":{"line":373,"column":null}},"type":"cond-expr","locations":[{"start":{"line":373,"column":36},"end":{"line":373,"column":54}},{"start":{"line":373,"column":54},"end":{"line":373,"column":null}}]}},"s":{"0":24,"1":2,"2":2,"3":2,"4":2,"5":2,"6":2,"7":2,"8":2,"9":2,"10":2,"11":2,"12":2,"13":74,"14":74,"15":74,"16":74,"17":74,"18":74,"19":74,"20":24,"21":24,"22":21,"23":21,"24":20,"25":20,"26":1,"27":1,"28":74,"29":2,"30":2,"31":74,"32":4,"33":4,"34":3,"35":3,"36":3,"37":1,"38":2,"39":1,"40":1,"41":1,"42":74,"43":11,"44":2,"45":2,"46":2,"47":9,"48":0,"49":0,"50":9,"51":8,"52":1,"53":1,"54":8,"55":8,"56":8,"57":8,"58":8,"59":8,"60":8,"61":8,"62":8,"63":8,"64":8,"65":8,"66":8,"67":8,"68":8,"69":8,"70":8,"71":1,"72":1,"73":7,"74":4,"75":2,"76":2,"77":2,"78":2,"79":3,"80":3,"81":3,"82":3,"83":2,"84":5,"85":5,"86":8,"87":74,"88":74,"89":74,"90":44,"91":0,"92":4,"93":2,"94":7,"95":38,"96":1},"f":{"0":74,"1":24,"2":2,"3":4,"4":3,"5":11,"6":8,"7":2,"8":2,"9":44,"10":0,"11":4,"12":2,"13":7,"14":38,"15":1},"b":{"0":[21],"1":[1],"2":[1],"3":[2,2],"4":[2],"5":[0],"6":[8],"7":[1],"8":[8,7,7,7],"9":[8,0],"10":[4],"11":[2],"12":[4,2],"13":[2,0],"14":[5,0],"15":[44],"16":[44,0],"17":[44],"18":[38],"19":[42,3],"20":[19,19],"21":[8,36]}}
,"/Users/dilshadkhan/Desktop/NYUAD/software engineering/SaveN-Savor/save-n-savor-user-side/app/food/[id]/page.tsx": {"path":"/Users/dilshadkhan/Desktop/NYUAD/software engineering/SaveN-Savor/save-n-savor-user-side/app/food/[id]/page.tsx","statementMap":{"0":{"start":{"line":128,"column":24},"end":{"line":128,"column":null}},"1":{"start":{"line":3,"column":36},"end":{"line":3,"column":null}},"2":{"start":{"line":4,"column":17},"end":{"line":4,"column":null}},"3":{"start":{"line":5,"column":37},"end":{"line":5,"column":null}},"4":{"start":{"line":6,"column":99},"end":{"line":6,"column":null}},"5":{"start":{"line":7,"column":23},"end":{"line":7,"column":null}},"6":{"start":{"line":8,"column":86},"end":{"line":8,"column":null}},"7":{"start":{"line":9,"column":22},"end":{"line":9,"column":null}},"8":{"start":{"line":10,"column":26},"end":{"line":10,"column":null}},"9":{"start":{"line":11,"column":57},"end":{"line":11,"column":null}},"10":{"start":{"line":12,"column":25},"end":{"line":12,"column":null}},"11":{"start":{"line":13,"column":43},"end":{"line":13,"column":null}},"12":{"start":{"line":14,"column":22},"end":{"line":14,"column":null}},"13":{"start":{"line":15,"column":22},"end":{"line":15,"column":null}},"14":{"start":{"line":16,"column":24},"end":{"line":16,"column":null}},"15":{"start":{"line":17,"column":25},"end":{"line":17,"column":null}},"16":{"start":{"line":18,"column":20},"end":{"line":18,"column":null}},"17":{"start":{"line":21,"column":22},"end":{"line":88,"column":null}},"18":{"start":{"line":129,"column":17},"end":{"line":129,"column":null}},"19":{"start":{"line":130,"column":17},"end":{"line":130,"column":null}},"20":{"start":{"line":131,"column":13},"end":{"line":131,"column":22}},"21":{"start":{"line":133,"column":34},"end":{"line":133,"column":null}},"22":{"start":{"line":134,"column":36},"end":{"line":134,"column":null}},"23":{"start":{"line":135,"column":28},"end":{"line":135,"column":null}},"24":{"start":{"line":136,"column":34},"end":{"line":136,"column":null}},"25":{"start":{"line":137,"column":54},"end":{"line":137,"column":null}},"26":{"start":{"line":138,"column":32},"end":{"line":138,"column":null}},"27":{"start":{"line":140,"column":24},"end":{"line":140,"column":null}},"28":{"start":{"line":143,"column":2},"end":{"line":169,"column":null}},"29":{"start":{"line":144,"column":26},"end":{"line":166,"column":null}},"30":{"start":{"line":145,"column":6},"end":{"line":165,"column":null}},"31":{"start":{"line":146,"column":8},"end":{"line":146,"column":null}},"32":{"start":{"line":149,"column":25},"end":{"line":149,"column":null}},"33":{"start":{"line":151,"column":8},"end":{"line":156,"column":null}},"34":{"start":{"line":152,"column":10},"end":{"line":154,"column":null}},"35":{"start":{"line":153,"column":12},"end":{"line":153,"column":null}},"36":{"start":{"line":155,"column":10},"end":{"line":155,"column":null}},"37":{"start":{"line":158,"column":21},"end":{"line":158,"column":null}},"38":{"start":{"line":159,"column":8},"end":{"line":159,"column":null}},"39":{"start":{"line":161,"column":8},"end":{"line":161,"column":null}},"40":{"start":{"line":162,"column":8},"end":{"line":162,"column":null}},"41":{"start":{"line":164,"column":8},"end":{"line":164,"column":null}},"42":{"start":{"line":168,"column":4},"end":{"line":168,"column":null}},"43":{"start":{"line":171,"column":31},"end":{"line":175,"column":null}},"44":{"start":{"line":172,"column":4},"end":{"line":174,"column":null}},"45":{"start":{"line":173,"column":6},"end":{"line":173,"column":null}},"46":{"start":{"line":177,"column":26},"end":{"line":212,"column":null}},"47":{"start":{"line":178,"column":4},"end":{"line":178,"column":null}},"48":{"start":{"line":178,"column":19},"end":{"line":178,"column":null}},"49":{"start":{"line":180,"column":4},"end":{"line":187,"column":null}},"50":{"start":{"line":181,"column":6},"end":{"line":185,"column":null}},"51":{"start":{"line":186,"column":6},"end":{"line":186,"column":null}},"52":{"start":{"line":190,"column":25},"end":{"line":190,"column":null}},"53":{"start":{"line":191,"column":4},"end":{"line":200,"column":null}},"54":{"start":{"line":192,"column":24},"end":{"line":192,"column":null}},"55":{"start":{"line":193,"column":6},"end":{"line":196,"column":null}},"56":{"start":{"line":194,"column":21},"end":{"line":194,"column":56}},"57":{"start":{"line":195,"column":8},"end":{"line":195,"column":null}},"58":{"start":{"line":199,"column":6},"end":{"line":199,"column":null}},"59":{"start":{"line":203,"column":4},"end":{"line":211,"column":null}},"60":{"start":{"line":215,"column":2},"end":{"line":249,"column":null}},"61":{"start":{"line":252,"column":2},"end":{"line":262,"column":null}},"62":{"start":{"line":264,"column":29},"end":{"line":265,"column":null}},"63":{"start":{"line":321,"column":16},"end":{"line":321,"column":34}},"64":{"start":{"line":345,"column":20},"end":{"line":345,"column":37}},"65":{"start":{"line":460,"column":37},"end":{"line":460,"column":null}},"66":{"start":{"line":469,"column":37},"end":{"line":469,"column":null}},"67":{"start":{"line":484,"column":26},"end":{"line":484,"column":43}},"68":{"start":{"line":536,"column":78},"end":{"line":536,"column":null}}},"fnMap":{"0":{"name":"FoodDetailPage","decl":{"start":{"line":128,"column":24},"end":{"line":128,"column":null}},"loc":{"start":{"line":128,"column":24},"end":{"line":552,"column":null}}},"1":{"name":"(anonymous_3)","decl":{"start":{"line":143,"column":12},"end":{"line":143,"column":null}},"loc":{"start":{"line":143,"column":12},"end":{"line":169,"column":5}}},"2":{"name":"(anonymous_4)","decl":{"start":{"line":144,"column":26},"end":{"line":144,"column":null}},"loc":{"start":{"line":144,"column":26},"end":{"line":166,"column":null}}},"3":{"name":"(anonymous_5)","decl":{"start":{"line":171,"column":31},"end":{"line":171,"column":32}},"loc":{"start":{"line":171,"column":32},"end":{"line":175,"column":null}}},"4":{"name":"(anonymous_6)","decl":{"start":{"line":177,"column":26},"end":{"line":177,"column":null}},"loc":{"start":{"line":177,"column":26},"end":{"line":212,"column":null}}},"5":{"name":"(anonymous_7)","decl":{"start":{"line":320,"column":36},"end":{"line":320,"column":37}},"loc":{"start":{"line":321,"column":16},"end":{"line":321,"column":34}}},"6":{"name":"(anonymous_8)","decl":{"start":{"line":344,"column":44},"end":{"line":344,"column":45}},"loc":{"start":{"line":345,"column":20},"end":{"line":345,"column":37}}},"7":{"name":"(anonymous_9)","decl":{"start":{"line":460,"column":31},"end":{"line":460,"column":37}},"loc":{"start":{"line":460,"column":37},"end":{"line":460,"column":null}}},"8":{"name":"(anonymous_10)","decl":{"start":{"line":469,"column":31},"end":{"line":469,"column":37}},"loc":{"start":{"line":469,"column":37},"end":{"line":469,"column":null}}},"9":{"name":"(anonymous_11)","decl":{"start":{"line":483,"column":53},"end":{"line":483,"column":54}},"loc":{"start":{"line":484,"column":26},"end":{"line":484,"column":43}}},"10":{"name":"(anonymous_12)","decl":{"start":{"line":536,"column":72},"end":{"line":536,"column":78}},"loc":{"start":{"line":536,"column":78},"end":{"line":536,"column":null}}}},"branchMap":{"0":{"loc":{"start":{"line":151,"column":8},"end":{"line":156,"column":null}},"type":"if","locations":[{"start":{"line":151,"column":8},"end":{"line":156,"column":null}}]},"1":{"loc":{"start":{"line":152,"column":10},"end":{"line":154,"column":null}},"type":"if","locations":[{"start":{"line":152,"column":10},"end":{"line":154,"column":null}}]},"2":{"loc":{"start":{"line":162,"column":17},"end":{"line":162,"column":null}},"type":"binary-expr","locations":[{"start":{"line":162,"column":17},"end":{"line":162,"column":39}},{"start":{"line":162,"column":43},"end":{"line":162,"column":null}}]},"3":{"loc":{"start":{"line":172,"column":4},"end":{"line":174,"column":null}},"type":"if","locations":[{"start":{"line":172,"column":4},"end":{"line":174,"column":null}}]},"4":{"loc":{"start":{"line":172,"column":8},"end":{"line":172,"column":72}},"type":"binary-expr","locations":[{"start":{"line":172,"column":8},"end":{"line":172,"column":20}},{"start":{"line":172,"column":20},"end":{"line":172,"column":40}},{"start":{"line":172,"column":40},"end":{"line":172,"column":72}}]},"5":{"loc":{"start":{"line":178,"column":4},"end":{"line":178,"column":null}},"type":"if","locations":[{"start":{"line":178,"column":4},"end":{"line":178,"column":null}}]},"6":{"loc":{"start":{"line":180,"column":4},"end":{"line":187,"column":null}},"type":"if","locations":[{"start":{"line":180,"column":4},"end":{"line":187,"column":null}}]},"7":{"loc":{"start":{"line":191,"column":4},"end":{"line":200,"column":null}},"type":"if","locations":[{"start":{"line":191,"column":4},"end":{"line":200,"column":null}},{"start":{"line":197,"column":11},"end":{"line":200,"column":null}}]},"8":{"loc":{"start":{"line":191,"column":8},"end":{"line":191,"column":73}},"type":"binary-expr","locations":[{"start":{"line":191,"column":8},"end":{"line":191,"column":32}},{"start":{"line":191,"column":36},"end":{"line":191,"column":73}}]},"9":{"loc":{"start":{"line":193,"column":6},"end":{"line":196,"column":null}},"type":"if","locations":[{"start":{"line":193,"column":6},"end":{"line":196,"column":null}}]},"10":{"loc":{"start":{"line":193,"column":10},"end":{"line":193,"column":92}},"type":"binary-expr","locations":[{"start":{"line":193,"column":10},"end":{"line":193,"column":31}},{"start":{"line":193,"column":31},"end":{"line":193,"column":49}},{"start":{"line":193,"column":49},"end":{"line":193,"column":92}}]},"11":{"loc":{"start":{"line":199,"column":23},"end":{"line":199,"column":null}},"type":"cond-expr","locations":[{"start":{"line":199,"column":56},"end":{"line":199,"column":85}},{"start":{"line":199,"column":85},"end":{"line":199,"column":null}}]},"12":{"loc":{"start":{"line":215,"column":2},"end":{"line":249,"column":null}},"type":"if","locations":[{"start":{"line":215,"column":2},"end":{"line":249,"column":null}}]},"13":{"loc":{"start":{"line":252,"column":2},"end":{"line":262,"column":null}},"type":"if","locations":[{"start":{"line":252,"column":2},"end":{"line":262,"column":null}}]},"14":{"loc":{"start":{"line":252,"column":6},"end":{"line":252,"column":26}},"type":"binary-expr","locations":[{"start":{"line":252,"column":6},"end":{"line":252,"column":15}},{"start":{"line":252,"column":15},"end":{"line":252,"column":26}}]},"15":{"loc":{"start":{"line":286,"column":19},"end":{"line":286,"column":null}},"type":"binary-expr","locations":[{"start":{"line":286,"column":19},"end":{"line":286,"column":33}},{"start":{"line":286,"column":37},"end":{"line":286,"column":null}}]},"16":{"loc":{"start":{"line":327,"column":13},"end":{"line":327,"column":32}},"type":"binary-expr","locations":[{"start":{"line":327,"column":13},"end":{"line":327,"column":32}}]},"17":{"loc":{"start":{"line":340,"column":13},"end":{"line":340,"column":33}},"type":"binary-expr","locations":[{"start":{"line":340,"column":13},"end":{"line":340,"column":33}},{"start":{"line":340,"column":37},"end":{"line":340,"column":null}}]},"18":{"loc":{"start":{"line":483,"column":24},"end":{"line":484,"column":43}},"type":"cond-expr","locations":[{"start":{"line":483,"column":24},"end":{"line":484,"column":43}}]},"19":{"loc":{"start":{"line":482,"column":23},"end":{"line":482,"column":null}},"type":"binary-expr","locations":[{"start":{"line":482,"column":23},"end":{"line":482,"column":47}},{"start":{"line":482,"column":51},"end":{"line":482,"column":null}}]},"20":{"loc":{"start":{"line":537,"column":54},"end":{"line":537,"column":98}},"type":"cond-expr","locations":[{"start":{"line":537,"column":64},"end":{"line":537,"column":94}},{"start":{"line":537,"column":94},"end":{"line":537,"column":98}}]}},"s":{"0":16,"1":2,"2":2,"3":2,"4":2,"5":2,"6":2,"7":2,"8":2,"9":2,"10":2,"11":2,"12":2,"13":2,"14":2,"15":2,"16":2,"17":2,"18":51,"19":51,"20":51,"21":51,"22":50,"23":50,"24":50,"25":50,"26":50,"27":50,"28":50,"29":16,"30":16,"31":16,"32":16,"33":14,"34":1,"35":0,"36":1,"37":13,"38":13,"39":3,"40":3,"41":16,"42":16,"43":50,"44":0,"45":0,"46":50,"47":4,"48":0,"49":4,"50":2,"51":2,"52":2,"53":2,"54":2,"55":2,"56":2,"57":2,"58":0,"59":2,"60":50,"61":20,"62":17,"63":17,"64":48,"65":0,"66":0,"67":34,"68":2},"f":{"0":51,"1":16,"2":16,"3":0,"4":4,"5":17,"6":48,"7":0,"8":0,"9":34,"10":2},"b":{"0":[1],"1":[0],"2":[3,0],"3":[0],"4":[0,0,0],"5":[0],"6":[2],"7":[2,0],"8":[2,2],"9":[2],"10":[2,2,2],"11":[0,0],"12":[30],"13":[3],"14":[20,17],"15":[17,0],"16":[17],"17":[17,12],"18":[17],"19":[17,17],"20":[1,16]}}
,"/Users/dilshadkhan/Desktop/NYUAD/software engineering/SaveN-Savor/save-n-savor-user-side/context/cart-context.tsx": {"path":"/Users/dilshadkhan/Desktop/NYUAD/software engineering/SaveN-Savor/save-n-savor-user-side/context/cart-context.tsx","statementMap":{"0":{"start":{"line":28,"column":16},"end":{"line":28,"column":28}},"1":{"start":{"line":129,"column":16},"end":{"line":129,"column":23}},"2":{"start":{"line":3,"column":79},"end":{"line":3,"column":null}},"3":{"start":{"line":4,"column":22},"end":{"line":4,"column":null}},"4":{"start":{"line":26,"column":20},"end":{"line":26,"column":null}},"5":{"start":{"line":29,"column":36},"end":{"line":29,"column":null}},"6":{"start":{"line":32,"column":2},"end":{"line":41,"column":null}},"7":{"start":{"line":33,"column":22},"end":{"line":33,"column":null}},"8":{"start":{"line":34,"column":4},"end":{"line":40,"column":null}},"9":{"start":{"line":35,"column":6},"end":{"line":39,"column":null}},"10":{"start":{"line":36,"column":8},"end":{"line":36,"column":null}},"11":{"start":{"line":38,"column":8},"end":{"line":38,"column":null}},"12":{"start":{"line":44,"column":2},"end":{"line":46,"column":null}},"13":{"start":{"line":45,"column":4},"end":{"line":45,"column":null}},"14":{"start":{"line":48,"column":20},"end":{"line":88,"column":null}},"15":{"start":{"line":50,"column":21},"end":{"line":50,"column":null}},"16":{"start":{"line":51,"column":67},"end":{"line":51,"column":null}},"17":{"start":{"line":52,"column":24},"end":{"line":52,"column":null}},"18":{"start":{"line":52,"column":46},"end":{"line":52,"column":62}},"19":{"start":{"line":54,"column":4},"end":{"line":87,"column":null}},"20":{"start":{"line":55,"column":6},"end":{"line":84,"column":null}},"21":{"start":{"line":57,"column":29},"end":{"line":57,"column":null}},"22":{"start":{"line":57,"column":58},"end":{"line":57,"column":81}},"23":{"start":{"line":58,"column":28},"end":{"line":58,"column":null}},"24":{"start":{"line":59,"column":32},"end":{"line":59,"column":59}},"25":{"start":{"line":60,"column":8},"end":{"line":67,"column":null}},"26":{"start":{"line":61,"column":10},"end":{"line":65,"column":null}},"27":{"start":{"line":66,"column":10},"end":{"line":66,"column":null}},"28":{"start":{"line":70,"column":29},"end":{"line":76,"column":null}},"29":{"start":{"line":72,"column":12},"end":{"line":74,"column":null}},"30":{"start":{"line":78,"column":8},"end":{"line":81,"column":null}},"31":{"start":{"line":83,"column":8},"end":{"line":83,"column":null}},"32":{"start":{"line":86,"column":6},"end":{"line":86,"column":null}},"33":{"start":{"line":90,"column":25},"end":{"line":92,"column":null}},"34":{"start":{"line":91,"column":4},"end":{"line":91,"column":null}},"35":{"start":{"line":91,"column":32},"end":{"line":91,"column":null}},"36":{"start":{"line":91,"column":59},"end":{"line":91,"column":null}},"37":{"start":{"line":94,"column":25},"end":{"line":98,"column":null}},"38":{"start":{"line":95,"column":4},"end":{"line":95,"column":null}},"39":{"start":{"line":95,"column":22},"end":{"line":95,"column":null}},"40":{"start":{"line":97,"column":4},"end":{"line":97,"column":null}},"41":{"start":{"line":97,"column":32},"end":{"line":97,"column":null}},"42":{"start":{"line":97,"column":57},"end":{"line":97,"column":null}},"43":{"start":{"line":100,"column":20},"end":{"line":102,"column":null}},"44":{"start":{"line":101,"column":4},"end":{"line":101,"column":null}},"45":{"start":{"line":104,"column":23},"end":{"line":106,"column":null}},"46":{"start":{"line":105,"column":4},"end":{"line":105,"column":null}},"47":{"start":{"line":105,"column":45},"end":{"line":105,"column":66}},"48":{"start":{"line":108,"column":23},"end":{"line":110,"column":null}},"49":{"start":{"line":109,"column":4},"end":{"line":109,"column":null}},"50":{"start":{"line":109,"column":45},"end":{"line":109,"column":79}},"51":{"start":{"line":130,"column":18},"end":{"line":130,"column":null}},"52":{"start":{"line":131,"column":2},"end":{"line":133,"column":null}},"53":{"start":{"line":132,"column":4},"end":{"line":132,"column":null}},"54":{"start":{"line":134,"column":2},"end":{"line":134,"column":null}}},"fnMap":{"0":{"name":"CartProvider","decl":{"start":{"line":28,"column":16},"end":{"line":28,"column":28}},"loc":{"start":{"line":28,"column":66},"end":{"line":127,"column":null}}},"1":{"name":"(anonymous_4)","decl":{"start":{"line":32,"column":12},"end":{"line":32,"column":null}},"loc":{"start":{"line":32,"column":12},"end":{"line":41,"column":5}}},"2":{"name":"(anonymous_5)","decl":{"start":{"line":44,"column":12},"end":{"line":44,"column":null}},"loc":{"start":{"line":44,"column":12},"end":{"line":46,"column":5}}},"3":{"name":"(anonymous_6)","decl":{"start":{"line":48,"column":20},"end":{"line":48,"column":27}},"loc":{"start":{"line":48,"column":27},"end":{"line":88,"column":null}}},"4":{"name":"(anonymous_7)","decl":{"start":{"line":52,"column":39},"end":{"line":52,"column":40}},"loc":{"start":{"line":52,"column":46},"end":{"line":52,"column":62}}},"5":{"name":"(anonymous_8)","decl":{"start":{"line":55,"column":19},"end":{"line":55,"column":20}},"loc":{"start":{"line":55,"column":20},"end":{"line":84,"column":null}}},"6":{"name":"(anonymous_9)","decl":{"start":{"line":57,"column":44},"end":{"line":57,"column":45}},"loc":{"start":{"line":57,"column":58},"end":{"line":57,"column":81}}},"7":{"name":"(anonymous_10)","decl":{"start":{"line":71,"column":26},"end":{"line":71,"column":27}},"loc":{"start":{"line":72,"column":12},"end":{"line":74,"column":null}}},"8":{"name":"(anonymous_11)","decl":{"start":{"line":90,"column":25},"end":{"line":90,"column":26}},"loc":{"start":{"line":90,"column":26},"end":{"line":92,"column":null}}},"9":{"name":"(anonymous_12)","decl":{"start":{"line":91,"column":17},"end":{"line":91,"column":18}},"loc":{"start":{"line":91,"column":32},"end":{"line":91,"column":null}}},"10":{"name":"(anonymous_13)","decl":{"start":{"line":91,"column":49},"end":{"line":91,"column":50}},"loc":{"start":{"line":91,"column":59},"end":{"line":91,"column":null}}},"11":{"name":"(anonymous_14)","decl":{"start":{"line":94,"column":25},"end":{"line":94,"column":26}},"loc":{"start":{"line":94,"column":47},"end":{"line":98,"column":null}}},"12":{"name":"(anonymous_15)","decl":{"start":{"line":97,"column":17},"end":{"line":97,"column":18}},"loc":{"start":{"line":97,"column":32},"end":{"line":97,"column":null}}},"13":{"name":"(anonymous_16)","decl":{"start":{"line":97,"column":46},"end":{"line":97,"column":47}},"loc":{"start":{"line":97,"column":57},"end":{"line":97,"column":null}}},"14":{"name":"(anonymous_17)","decl":{"start":{"line":100,"column":20},"end":{"line":100,"column":null}},"loc":{"start":{"line":100,"column":20},"end":{"line":102,"column":null}}},"15":{"name":"(anonymous_18)","decl":{"start":{"line":104,"column":23},"end":{"line":104,"column":null}},"loc":{"start":{"line":104,"column":23},"end":{"line":106,"column":null}}},"16":{"name":"(anonymous_19)","decl":{"start":{"line":105,"column":28},"end":{"line":105,"column":29}},"loc":{"start":{"line":105,"column":45},"end":{"line":105,"column":66}}},"17":{"name":"(anonymous_20)","decl":{"start":{"line":108,"column":23},"end":{"line":108,"column":null}},"loc":{"start":{"line":108,"column":23},"end":{"line":110,"column":null}}},"18":{"name":"(anonymous_21)","decl":{"start":{"line":109,"column":28},"end":{"line":109,"column":29}},"loc":{"start":{"line":109,"column":45},"end":{"line":109,"column":79}}},"19":{"name":"useCart","decl":{"start":{"line":129,"column":16},"end":{"line":129,"column":23}},"loc":{"start":{"line":129,"column":16},"end":{"line":135,"column":null}}}},"branchMap":{"0":{"loc":{"start":{"line":34,"column":4},"end":{"line":40,"column":null}},"type":"if","locations":[{"start":{"line":34,"column":4},"end":{"line":40,"column":null}}]},"1":{"loc":{"start":{"line":54,"column":4},"end":{"line":87,"column":null}},"type":"if","locations":[{"start":{"line":54,"column":4},"end":{"line":87,"column":null}},{"start":{"line":85,"column":11},"end":{"line":87,"column":null}}]},"2":{"loc":{"start":{"line":58,"column":28},"end":{"line":58,"column":null}},"type":"binary-expr","locations":[{"start":{"line":58,"column":28},"end":{"line":58,"column":54}},{"start":{"line":58,"column":54},"end":{"line":58,"column":null}}]},"3":{"loc":{"start":{"line":60,"column":8},"end":{"line":67,"column":null}},"type":"if","locations":[{"start":{"line":60,"column":8},"end":{"line":67,"column":null}}]},"4":{"loc":{"start":{"line":70,"column":29},"end":{"line":76,"column":null}},"type":"cond-expr","locations":[{"start":{"line":71,"column":12},"end":{"line":74,"column":null}},{"start":{"line":76,"column":12},"end":{"line":76,"column":null}}]},"5":{"loc":{"start":{"line":72,"column":12},"end":{"line":74,"column":null}},"type":"cond-expr","locations":[{"start":{"line":73,"column":16},"end":{"line":73,"column":null}},{"start":{"line":74,"column":16},"end":{"line":74,"column":null}}]},"6":{"loc":{"start":{"line":95,"column":4},"end":{"line":95,"column":null}},"type":"if","locations":[{"start":{"line":95,"column":4},"end":{"line":95,"column":null}}]},"7":{"loc":{"start":{"line":97,"column":57},"end":{"line":97,"column":null}},"type":"cond-expr","locations":[{"start":{"line":97,"column":74},"end":{"line":97,"column":108}},{"start":{"line":97,"column":108},"end":{"line":97,"column":null}}]},"8":{"loc":{"start":{"line":131,"column":2},"end":{"line":133,"column":null}},"type":"if","locations":[{"start":{"line":131,"column":2},"end":{"line":133,"column":null}}]}},"s":{"0":54,"1":149,"2":5,"3":5,"4":5,"5":108,"6":108,"7":54,"8":53,"9":44,"10":44,"11":0,"12":108,"13":107,"14":108,"15":9,"16":8,"17":8,"18":5,"19":5,"20":4,"21":4,"22":1,"23":4,"24":4,"25":4,"26":1,"27":1,"28":3,"29":1,"30":3,"31":3,"32":1,"33":108,"34":3,"35":3,"36":3,"37":108,"38":3,"39":1,"40":2,"41":2,"42":2,"43":108,"44":4,"45":108,"46":25,"47":10,"48":108,"49":107,"50":62,"51":149,"52":149,"53":0,"54":149},"f":{"0":108,"1":54,"2":107,"3":9,"4":5,"5":4,"6":1,"7":1,"8":3,"9":3,"10":3,"11":3,"12":2,"13":2,"14":4,"15":25,"16":10,"17":107,"18":62,"19":149},"b":{"0":[44],"1":[4,1],"2":[4,3],"3":[1],"4":[1,2],"5":[1,0],"6":[1],"7":[2,0],"8":[0]}}
,"/Users/dilshadkhan/Desktop/NYUAD/software engineering/SaveN-Savor/save-n-savor-user-side/hooks/useUser.ts": {"path":"/Users/dilshadkhan/Desktop/NYUAD/software engineering/SaveN-Savor/save-n-savor-user-side/hooks/useUser.ts","statementMap":{"0":{"start":{"line":27,"column":16},"end":{"line":27,"column":null}},"1":{"start":{"line":3,"column":36},"end":{"line":3,"column":null}},"2":{"start":{"line":28,"column":28},"end":{"line":28,"column":null}},"3":{"start":{"line":29,"column":36},"end":{"line":29,"column":null}},"4":{"start":{"line":31,"column":4},"end":{"line":41,"column":null}},"5":{"start":{"line":32,"column":8},"end":{"line":39,"column":null}},"6":{"start":{"line":33,"column":27},"end":{"line":33,"column":null}},"7":{"start":{"line":34,"column":12},"end":{"line":36,"column":null}},"8":{"start":{"line":35,"column":16},"end":{"line":35,"column":null}},"9":{"start":{"line":38,"column":12},"end":{"line":38,"column":null}},"10":{"start":{"line":40,"column":8},"end":{"line":40,"column":null}},"11":{"start":{"line":43,"column":4},"end":{"line":43,"column":null}}},"fnMap":{"0":{"name":"useUser","decl":{"start":{"line":27,"column":16},"end":{"line":27,"column":null}},"loc":{"start":{"line":27,"column":16},"end":{"line":44,"column":null}}},"1":{"name":"(anonymous_2)","decl":{"start":{"line":31,"column":14},"end":{"line":31,"column":null}},"loc":{"start":{"line":31,"column":14},"end":{"line":41,"column":7}}}},"branchMap":{"0":{"loc":{"start":{"line":34,"column":12},"end":{"line":36,"column":null}},"type":"if","locations":[{"start":{"line":34,"column":12},"end":{"line":36,"column":null}}]}},"s":{"0":11,"1":1,"2":11,"3":11,"4":11,"5":4,"6":4,"7":4,"8":2,"9":1,"10":4,"11":11},"f":{"0":11,"1":4},"b":{"0":[2]}}
}
