TN:
SF:app/browse/loading.tsx
FN:1,Loading
FNF:1
FNH:1
FNDA:1,Loading
DA:1,1
DA:2,1
LF:2
LH:2
BRF:0
BRH:0
end_of_record
TN:
SF:app/browse/page.tsx
FN:53,BrowsePage
FN:68,(anonymous_3)
FN:69,(anonymous_4)
FN:86,(anonymous_5)
FN:89,(anonymous_6)
FN:110,(anonymous_7)
FN:113,(anonymous_8)
FN:119,(anonymous_9)
FN:129,(anonymous_10)
FN:137,(anonymous_11)
FN:146,(anonymous_12)
FN:151,(anonymous_13)
FN:151,(anonymous_14)
FN:155,(anonymous_15)
FN:162,(anonymous_16)
FN:166,(anonymous_17)
FN:168,(anonymous_18)
FN:174,(anonymous_19)
FN:180,(anonymous_20)
FN:182,(anonymous_21)
FN:188,(anonymous_22)
FN:231,(anonymous_24)
FN:267,(anonymous_25)
FN:279,(anonymous_26)
FN:284,(anonymous_27)
FN:302,(anonymous_28)
FN:339,(anonymous_29)
FN:344,(anonymous_30)
FN:348,(anonymous_31)
FN:358,(anonymous_32)
FN:379,(anonymous_33)
FN:387,(anonymous_34)
FN:424,(anonymous_35)
FNF:33
FNH:24
FNDA:172,BrowsePage
FNDA:37,(anonymous_3)
FNDA:37,(anonymous_4)
FNDA:79,(anonymous_5)
FNDA:123,(anonymous_6)
FNDA:37,(anonymous_7)
FNDA:35,(anonymous_8)
FNDA:2,(anonymous_9)
FNDA:87,(anonymous_10)
FNDA:23,(anonymous_11)
FNDA:0,(anonymous_12)
FNDA:13,(anonymous_13)
FNDA:14,(anonymous_14)
FNDA:98,(anonymous_15)
FNDA:102,(anonymous_16)
FNDA:0,(anonymous_17)
FNDA:0,(anonymous_18)
FNDA:0,(anonymous_19)
FNDA:5,(anonymous_20)
FNDA:0,(anonymous_21)
FNDA:2,(anonymous_22)
FNDA:7,(anonymous_24)
FNDA:405,(anonymous_25)
FNDA:240,(anonymous_26)
FNDA:5,(anonymous_27)
FNDA:0,(anonymous_28)
FNDA:0,(anonymous_29)
FNDA:12,(anonymous_30)
FNDA:0,(anonymous_31)
FNDA:0,(anonymous_32)
FNDA:444,(anonymous_33)
FNDA:133,(anonymous_34)
FNDA:212,(anonymous_35)
DA:3,2
DA:4,2
DA:5,2
DA:6,2
DA:7,2
DA:8,2
DA:9,2
DA:10,2
DA:20,2
DA:21,2
DA:22,2
DA:23,2
DA:24,2
DA:26,2
DA:53,37
DA:54,172
DA:55,171
DA:56,171
DA:57,171
DA:58,171
DA:59,171
DA:60,171
DA:61,171
DA:62,171
DA:63,171
DA:64,171
DA:65,171
DA:68,171
DA:69,37
DA:70,37
DA:71,37
DA:72,37
DA:74,33
DA:75,1
DA:78,32
DA:80,32
DA:83,32
DA:84,32
DA:86,32
DA:87,79
DA:88,79
DA:89,123
DA:93,32
DA:94,32
DA:96,4
DA:97,4
DA:98,4
DA:99,4
DA:100,4
DA:102,36
DA:106,37
DA:110,171
DA:111,37
DA:112,37
DA:114,35
DA:120,2
DA:122,2
DA:129,171
DA:130,87
DA:132,44
DA:135,44
DA:136,8
DA:138,23
DA:145,44
DA:146,0
DA:150,44
DA:151,14
DA:155,44
DA:156,98
DA:157,98
DA:161,44
DA:162,44
DA:163,102
DA:165,0
DA:166,0
DA:167,0
DA:168,0
DA:169,0
DA:170,0
DA:171,0
DA:173,0
DA:174,0
DA:177,44
DA:180,171
DA:181,5
DA:182,0
DA:184,5
DA:188,171
DA:189,2
DA:190,2
DA:191,2
DA:192,2
DA:193,2
DA:231,7
DA:268,405
DA:280,240
DA:284,5
DA:302,0
DA:339,0
DA:345,12
DA:348,0
DA:358,0
DA:380,444
DA:388,133
DA:425,212
LF:105
LH:90
BRDA:74,0,0,1
BRDA:87,1,0,78
BRDA:88,2,0,78
BRDA:111,3,0,37
BRDA:130,4,0,43
BRDA:135,5,0,8
BRDA:138,6,0,23
BRDA:138,6,1,19
BRDA:138,6,2,18
BRDA:145,7,0,0
BRDA:150,8,0,5
BRDA:161,9,0,44
BRDA:161,9,1,0
BRDA:165,10,0,0
BRDA:165,10,1,0
BRDA:167,11,0,0
BRDA:167,11,1,0
BRDA:173,12,0,0
BRDA:181,13,0,0
BRDA:181,13,1,5
BRDA:327,14,0,171
BRDA:334,15,0,171
BRDA:334,15,1,171
BRDA:334,15,2,161
BRDA:336,16,0,10
BRDA:355,17,0,10
BRDA:370,18,0,171
BRDA:372,19,0,14
BRDA:372,19,1,83
BRDA:378,20,0,74
BRDA:386,21,0,57
BRDA:396,22,0,133
BRDA:396,22,1,4
BRDA:422,23,0,133
BRDA:435,24,0,129
BRF:35
BRH:27
end_of_record
TN:
SF:app/cart/page.tsx
FN:16,CartPage
FN:26,(anonymous_3)
FN:41,(anonymous_4)
FN:49,(anonymous_5)
FN:52,(anonymous_6)
FN:67,(anonymous_7)
FN:123,(anonymous_8)
FN:164,(anonymous_9)
FN:182,(anonymous_10)
FN:223,(anonymous_11)
FN:245,(anonymous_12)
FN:254,(anonymous_13)
FN:265,(anonymous_14)
FN:337,(anonymous_15)
FN:341,(anonymous_16)
FN:360,(anonymous_17)
FNF:16
FNH:15
FNDA:74,CartPage
FNDA:24,(anonymous_3)
FNDA:2,(anonymous_4)
FNDA:4,(anonymous_5)
FNDA:3,(anonymous_6)
FNDA:11,(anonymous_7)
FNDA:8,(anonymous_8)
FNDA:2,(anonymous_9)
FNDA:2,(anonymous_10)
FNDA:44,(anonymous_11)
FNDA:0,(anonymous_12)
FNDA:4,(anonymous_13)
FNDA:2,(anonymous_14)
FNDA:7,(anonymous_15)
FNDA:38,(anonymous_16)
FNDA:1,(anonymous_17)
DA:3,2
DA:4,2
DA:5,2
DA:6,2
DA:7,2
DA:8,2
DA:9,2
DA:10,2
DA:11,2
DA:12,2
DA:13,2
DA:14,2
DA:16,24
DA:17,74
DA:18,74
DA:19,74
DA:20,74
DA:21,74
DA:24,74
DA:26,74
DA:28,24
DA:29,24
DA:30,21
DA:31,21
DA:32,20
DA:33,20
DA:35,1
DA:36,1
DA:41,74
DA:42,2
DA:43,2
DA:49,74
DA:50,4
DA:51,4
DA:52,3
DA:54,3
DA:55,2
DA:56,1
DA:61,1
DA:64,1
DA:67,74
DA:68,11
DA:69,2
DA:74,2
DA:75,2
DA:78,9
DA:79,0
DA:84,0
DA:87,9
DA:88,8
DA:94,1
DA:99,1
DA:103,8
DA:104,8
DA:106,8
DA:107,8
DA:110,8
DA:111,8
DA:112,8
DA:115,8
DA:118,8
DA:121,8
DA:123,8
DA:139,8
DA:142,8
DA:150,8
DA:151,8
DA:154,8
DA:155,8
DA:157,1
DA:158,1
DA:161,7
DA:163,4
DA:164,2
DA:165,2
DA:167,2
DA:171,3
DA:173,3
DA:179,3
DA:182,3
DA:183,2
DA:186,5
DA:187,5
DA:193,8
DA:198,74
DA:199,74
DA:200,74
DA:224,44
DA:245,0
DA:254,4
DA:265,2
DA:337,7
DA:342,38
DA:360,1
LF:94
LH:91
BRDA:29,0,0,21
BRDA:54,1,0,1
BRDA:55,2,0,1
BRDA:55,3,0,2
BRDA:55,3,1,2
BRDA:68,4,0,2
BRDA:78,5,0,0
BRDA:87,6,0,8
BRDA:88,7,0,1
BRDA:89,8,0,8
BRDA:89,8,1,7
BRDA:89,8,2,7
BRDA:89,8,3,7
BRDA:115,9,0,8
BRDA:115,9,1,0
BRDA:161,10,0,4
BRDA:163,11,0,2
BRDA:163,12,0,4
BRDA:163,12,1,2
BRDA:167,13,0,2
BRDA:167,13,1,0
BRDA:189,14,0,5
BRDA:189,14,1,0
BRDA:214,15,0,44
BRDA:227,16,0,44
BRDA:227,16,1,0
BRDA:332,17,0,44
BRDA:340,18,0,38
BRDA:339,19,0,42
BRDA:339,19,1,3
BRDA:344,20,0,19
BRDA:344,20,1,19
BRDA:373,21,0,8
BRDA:373,21,1,36
BRF:34
BRH:29
end_of_record
TN:
SF:app/food/[id]/page.tsx
FN:128,FoodDetailPage
FN:143,(anonymous_3)
FN:144,(anonymous_4)
FN:171,(anonymous_5)
FN:177,(anonymous_6)
FN:320,(anonymous_7)
FN:344,(anonymous_8)
FN:460,(anonymous_9)
FN:469,(anonymous_10)
FN:483,(anonymous_11)
FN:536,(anonymous_12)
FNF:11
FNH:8
FNDA:51,FoodDetailPage
FNDA:16,(anonymous_3)
FNDA:16,(anonymous_4)
FNDA:0,(anonymous_5)
FNDA:4,(anonymous_6)
FNDA:17,(anonymous_7)
FNDA:48,(anonymous_8)
FNDA:0,(anonymous_9)
FNDA:0,(anonymous_10)
FNDA:34,(anonymous_11)
FNDA:2,(anonymous_12)
DA:3,2
DA:4,2
DA:5,2
DA:6,2
DA:7,2
DA:8,2
DA:9,2
DA:10,2
DA:11,2
DA:12,2
DA:13,2
DA:14,2
DA:15,2
DA:16,2
DA:17,2
DA:18,2
DA:21,2
DA:128,16
DA:129,51
DA:130,51
DA:131,51
DA:133,51
DA:134,50
DA:135,50
DA:136,50
DA:137,50
DA:138,50
DA:140,50
DA:143,50
DA:144,16
DA:145,16
DA:146,16
DA:149,16
DA:151,14
DA:152,1
DA:153,0
DA:155,1
DA:158,13
DA:159,13
DA:161,3
DA:162,3
DA:164,16
DA:168,16
DA:171,50
DA:172,0
DA:173,0
DA:177,50
DA:178,4
DA:180,4
DA:181,2
DA:186,2
DA:190,2
DA:191,2
DA:192,2
DA:193,2
DA:194,2
DA:195,2
DA:199,0
DA:203,2
DA:215,50
DA:252,20
DA:264,17
DA:321,17
DA:345,48
DA:460,0
DA:469,0
DA:484,34
DA:536,2
LF:68
LH:62
BRDA:151,0,0,1
BRDA:152,1,0,0
BRDA:162,2,0,3
BRDA:162,2,1,0
BRDA:172,3,0,0
BRDA:172,4,0,0
BRDA:172,4,1,0
BRDA:172,4,2,0
BRDA:178,5,0,0
BRDA:180,6,0,2
BRDA:191,7,0,2
BRDA:191,7,1,0
BRDA:191,8,0,2
BRDA:191,8,1,2
BRDA:193,9,0,2
BRDA:193,10,0,2
BRDA:193,10,1,2
BRDA:193,10,2,2
BRDA:199,11,0,0
BRDA:199,11,1,0
BRDA:215,12,0,30
BRDA:252,13,0,3
BRDA:252,14,0,20
BRDA:252,14,1,17
BRDA:286,15,0,17
BRDA:286,15,1,0
BRDA:327,16,0,17
BRDA:340,17,0,17
BRDA:340,17,1,12
BRDA:483,18,0,17
BRDA:482,19,0,17
BRDA:482,19,1,17
BRDA:537,20,0,1
BRDA:537,20,1,16
BRF:34
BRH:23
end_of_record
TN:
SF:context/cart-context.tsx
FN:28,CartProvider
FN:32,(anonymous_4)
FN:44,(anonymous_5)
FN:48,(anonymous_6)
FN:52,(anonymous_7)
FN:55,(anonymous_8)
FN:57,(anonymous_9)
FN:71,(anonymous_10)
FN:90,(anonymous_11)
FN:91,(anonymous_12)
FN:91,(anonymous_13)
FN:94,(anonymous_14)
FN:97,(anonymous_15)
FN:97,(anonymous_16)
FN:100,(anonymous_17)
FN:104,(anonymous_18)
FN:105,(anonymous_19)
FN:108,(anonymous_20)
FN:109,(anonymous_21)
FN:129,useCart
FNF:20
FNH:20
FNDA:108,CartProvider
FNDA:54,(anonymous_4)
FNDA:107,(anonymous_5)
FNDA:9,(anonymous_6)
FNDA:5,(anonymous_7)
FNDA:4,(anonymous_8)
FNDA:1,(anonymous_9)
FNDA:1,(anonymous_10)
FNDA:3,(anonymous_11)
FNDA:3,(anonymous_12)
FNDA:3,(anonymous_13)
FNDA:3,(anonymous_14)
FNDA:2,(anonymous_15)
FNDA:2,(anonymous_16)
FNDA:4,(anonymous_17)
FNDA:25,(anonymous_18)
FNDA:10,(anonymous_19)
FNDA:107,(anonymous_20)
FNDA:62,(anonymous_21)
FNDA:149,useCart
DA:3,5
DA:4,5
DA:26,5
DA:28,54
DA:29,108
DA:32,108
DA:33,54
DA:34,53
DA:35,44
DA:36,44
DA:38,0
DA:44,108
DA:45,107
DA:48,108
DA:50,9
DA:51,8
DA:52,8
DA:54,5
DA:55,4
DA:57,4
DA:58,4
DA:59,4
DA:60,4
DA:61,1
DA:66,1
DA:70,3
DA:72,1
DA:78,3
DA:83,3
DA:86,1
DA:90,108
DA:91,3
DA:94,108
DA:95,3
DA:97,2
DA:100,108
DA:101,4
DA:104,108
DA:105,25
DA:108,108
DA:109,107
DA:129,149
DA:130,149
DA:131,149
DA:132,0
DA:134,149
LF:46
LH:44
BRDA:34,0,0,44
BRDA:54,1,0,4
BRDA:54,1,1,1
BRDA:58,2,0,4
BRDA:58,2,1,3
BRDA:60,3,0,1
BRDA:70,4,0,1
BRDA:70,4,1,2
BRDA:72,5,0,1
BRDA:72,5,1,0
BRDA:95,6,0,1
BRDA:97,7,0,2
BRDA:97,7,1,0
BRDA:131,8,0,0
BRF:14
BRH:11
end_of_record
TN:
SF:hooks/useUser.ts
FN:27,useUser
FN:31,(anonymous_2)
FNF:2
FNH:2
FNDA:11,useUser
FNDA:4,(anonymous_2)
DA:3,1
DA:27,11
DA:28,11
DA:29,11
DA:31,11
DA:32,4
DA:33,4
DA:34,4
DA:35,2
DA:38,1
DA:40,4
DA:43,11
LF:12
LH:12
BRDA:34,0,0,2
BRF:1
BRH:1
end_of_record
